{"meta": {"format": 3, "version": "7.14.1", "timestamp": "2026-06-11T02:03:26.734342", "branch_coverage": false, "show_contexts": false}, "files": {"src/datasource/__init__.py": {"executed_lines": [16, 17, 18, 19, 21, 22, 24], "summary": {"covered_lines": 7, "num_statements": 9, "percent_covered": 77.77777777777777, "percent_covered_display": "78", "missing_lines": 2, "excluded_lines": 3, "percent_statements_covered": 77.77777777777777, "percent_statements_covered_display": "78"}, "missing_lines": [13, 14], "excluded_lines": [9, 10, 12], "functions": {"": {"executed_lines": [16, 17, 18, 19, 21, 22, 24], "summary": {"covered_lines": 7, "num_statements": 9, "percent_covered": 77.77777777777777, "percent_covered_display": "78", "missing_lines": 2, "excluded_lines": 3, "percent_statements_covered": 77.77777777777777, "percent_statements_covered_display": "78"}, "missing_lines": [13, 14], "excluded_lines": [9, 10, 12], "start_line": 1}}, "classes": {"": {"executed_lines": [16, 17, 18, 19, 21, 22, 24], "summary": {"covered_lines": 7, "num_statements": 9, "percent_covered": 77.77777777777777, "percent_covered_display": "78", "missing_lines": 2, "excluded_lines": 3, "percent_statements_covered": 77.77777777777777, "percent_statements_covered_display": "78"}, "missing_lines": [13, 14], "excluded_lines": [9, 10, 12], "start_line": 1}}}, "src/datasource/adapters/__init__.py": {"executed_lines": [], "summary": {"covered_lines": 0, "num_statements": 0, "percent_covered": 100.0, "percent_covered_display": "100", "missing_lines": 0, "excluded_lines": 0, "percent_statements_covered": 100.0, "percent_statements_covered_display": "100"}, "missing_lines": [], "excluded_lines": [], "functions": {"": {"executed_lines": [], "summary": {"covered_lines": 0, "num_statements": 0, "percent_covered": 100.0, "percent_covered_display": "100", "missing_lines": 0, "excluded_lines": 0, "percent_statements_covered": 100.0, "percent_statements_covered_display": "100"}, "missing_lines": [], "excluded_lines": [], "start_line": 1}}, "classes": {"": {"executed_lines": [], "summary": {"covered_lines": 0, "num_statements": 0, "percent_covered": 100.0, "percent_covered_display": "100", "missing_lines": 0, "excluded_lines": 0, "percent_statements_covered": 100.0, "percent_statements_covered_display": "100"}, "missing_lines": [], "excluded_lines": [], "start_line": 1}}}, "src/datasource/adapters/exa_client.py": {"executed_lines": [], "summary": {"covered_lines": 0, "num_statements": 160, "percent_covered": 0.0, "percent_covered_display": "0", "missing_lines": 160, "excluded_lines": 2, "percent_statements_covered": 0.0, "percent_statements_covered_display": "0"}, "missing_lines": [9, 11, 12, 13, 14, 15, 19, 20, 23, 26, 27, 28, 30, 40, 41, 42, 43, 44, 45, 46, 47, 48, 50, 51, 52, 53, 54, 55, 56, 57, 58, 59, 60, 62, 63, 64, 65, 67, 68, 69, 70, 71, 73, 74, 75, 76, 77, 78, 79, 81, 82, 83, 84, 85, 86, 87, 88, 89, 90, 91, 93, 94, 95, 96, 97, 98, 99, 100, 101, 104, 107, 109, 110, 111, 113, 114, 115, 116, 121, 122, 123, 126, 129, 134, 135, 144, 145, 146, 147, 148, 149, 150, 152, 153, 154, 155, 156, 157, 158, 159, 160, 163, 165, 167, 168, 169, 170, 171, 173, 181, 197, 198, 200, 201, 203, 207, 210, 213, 214, 215, 216, 217, 218, 219, 220, 221, 222, 223, 224, 225, 226, 227, 228, 230, 231, 232, 233, 234, 235, 236, 238, 239, 240, 242, 243, 244, 245, 246, 248, 251, 252, 253, 255, 256, 257, 258, 259, 260, 261, 264], "excluded_lines": [17, 18], "functions": {"AsyncExaClient.sdk_available": {"executed_lines": [], "summary": {"covered_lines": 0, "num_statements": 1, "percent_covered": 0.0, "percent_covered_display": "0", "missing_lines": 1, "excluded_lines": 0, "percent_statements_covered": 0.0, "percent_statements_covered_display": "0"}, "missing_lines": [28], "excluded_lines": [], "start_line": 27}, "AsyncExaClient.__init__": {"executed_lines": [], "summary": {"covered_lines": 0, "num_statements": 9, "percent_covered": 0.0, "percent_covered_display": "0", "missing_lines": 9, "excluded_lines": 0, "percent_statements_covered": 0.0, "percent_statements_covered_display": "0"}, "missing_lines": [40, 41, 42, 43, 44, 45, 46, 47, 48], "excluded_lines": [], "start_line": 30}, "AsyncExaClient._ensure_client": {"executed_lines": [], "summary": {"covered_lines": 0, "num_statements": 10, "percent_covered": 0.0, "percent_covered_display": "0", "missing_lines": 10, "excluded_lines": 0, "percent_statements_covered": 0.0, "percent_statements_covered_display": "0"}, "missing_lines": [51, 52, 53, 54, 55, 56, 57, 58, 59, 60], "excluded_lines": [], "start_line": 50}, "AsyncExaClient._make_cache_key": {"executed_lines": [], "summary": {"covered_lines": 0, "num_statements": 2, "percent_covered": 0.0, "percent_covered_display": "0", "missing_lines": 2, "excluded_lines": 0, "percent_statements_covered": 0.0, "percent_statements_covered_display": "0"}, "missing_lines": [64, 65], "excluded_lines": [], "start_line": 63}, "AsyncExaClient._extract_attr": {"executed_lines": [], "summary": {"covered_lines": 0, "num_statements": 3, "percent_covered": 0.0, "percent_covered_display": "0", "missing_lines": 3, "excluded_lines": 0, "percent_statements_covered": 0.0, "percent_statements_covered_display": "0"}, "missing_lines": [69, 70, 71], "excluded_lines": [], "start_line": 68}, "AsyncExaClient._join_highlights": {"executed_lines": [], "summary": {"covered_lines": 0, "num_statements": 5, "percent_covered": 0.0, "percent_covered_display": "0", "missing_lines": 5, "excluded_lines": 0, "percent_statements_covered": 0.0, "percent_statements_covered_display": "0"}, "missing_lines": [75, 76, 77, 78, 79], "excluded_lines": [], "start_line": 74}, "AsyncExaClient._truncate": {"executed_lines": [], "summary": {"covered_lines": 0, "num_statements": 9, "percent_covered": 0.0, "percent_covered_display": "0", "missing_lines": 9, "excluded_lines": 0, "percent_statements_covered": 0.0, "percent_statements_covered_display": "0"}, "missing_lines": [83, 84, 85, 86, 87, 88, 89, 90, 91], "excluded_lines": [], "start_line": 82}, "AsyncExaClient._normalize_cached_data": {"executed_lines": [], "summary": {"covered_lines": 0, "num_statements": 13, "percent_covered": 0.0, "percent_covered_display": "0", "missing_lines": 13, "excluded_lines": 0, "percent_statements_covered": 0.0, "percent_statements_covered_display": "0"}, "missing_lines": [94, 95, 96, 97, 98, 99, 100, 101, 104, 107, 109, 110, 111], "excluded_lines": [], "start_line": 93}, "AsyncExaClient._map_result": {"executed_lines": [], "summary": {"covered_lines": 0, "num_statements": 10, "percent_covered": 0.0, "percent_covered_display": "0", "missing_lines": 10, "excluded_lines": 0, "percent_statements_covered": 0.0, "percent_statements_covered_display": "0"}, "missing_lines": [114, 115, 116, 121, 122, 123, 126, 129, 134, 135], "excluded_lines": [], "start_line": 113}, "AsyncExaClient.error_metadata": {"executed_lines": [], "summary": {"covered_lines": 0, "num_statements": 22, "percent_covered": 0.0, "percent_covered_display": "0", "missing_lines": 22, "excluded_lines": 0, "percent_statements_covered": 0.0, "percent_statements_covered_display": "0"}, "missing_lines": [146, 147, 148, 149, 150, 152, 153, 154, 155, 156, 157, 158, 159, 160, 163, 165, 167, 168, 169, 170, 171, 173], "excluded_lines": [], "start_line": 145}, "AsyncExaClient.search": {"executed_lines": [], "summary": {"covered_lines": 0, "num_statements": 49, "percent_covered": 0.0, "percent_covered_display": "0", "missing_lines": 49, "excluded_lines": 0, "percent_statements_covered": 0.0, "percent_statements_covered_display": "0"}, "missing_lines": [197, 198, 200, 201, 203, 207, 210, 213, 214, 215, 216, 217, 218, 219, 220, 221, 222, 223, 224, 225, 226, 227, 228, 230, 231, 232, 233, 234, 235, 236, 238, 239, 240, 242, 243, 244, 245, 246, 248, 251, 252, 253, 255, 256, 257, 258, 259, 260, 261], "excluded_lines": [], "start_line": 181}, "": {"executed_lines": [], "summary": {"covered_lines": 0, "num_statements": 27, "percent_covered": 0.0, "percent_covered_display": "0", "missing_lines": 27, "excluded_lines": 2, "percent_statements_covered": 0.0, "percent_statements_covered_display": "0"}, "missing_lines": [9, 11, 12, 13, 14, 15, 19, 20, 23, 26, 27, 30, 50, 62, 63, 67, 68, 73, 74, 81, 82, 93, 113, 144, 145, 181, 264], "excluded_lines": [17, 18], "start_line": 1}}, "classes": {"AsyncExaClient": {"executed_lines": [], "summary": {"covered_lines": 0, "num_statements": 133, "percent_covered": 0.0, "percent_covered_display": "0", "missing_lines": 133, "excluded_lines": 0, "percent_statements_covered": 0.0, "percent_statements_covered_display": "0"}, "missing_lines": [28, 40, 41, 42, 43, 44, 45, 46, 47, 48, 51, 52, 53, 54, 55, 56, 57, 58, 59, 60, 64, 65, 69, 70, 71, 75, 76, 77, 78, 79, 83, 84, 85, 86, 87, 88, 89, 90, 91, 94, 95, 96, 97, 98, 99, 100, 101, 104, 107, 109, 110, 111, 114, 115, 116, 121, 122, 123, 126, 129, 134, 135, 146, 147, 148, 149, 150, 152, 153, 154, 155, 156, 157, 158, 159, 160, 163, 165, 167, 168, 169, 170, 171, 173, 197, 198, 200, 201, 203, 207, 210, 213, 214, 215, 216, 217, 218, 219, 220, 221, 222, 223, 224, 225, 226, 227, 228, 230, 231, 232, 233, 234, 235, 236, 238, 239, 240, 242, 243, 244, 245, 246, 248, 251, 252, 253, 255, 256, 257, 258, 259, 260, 261], "excluded_lines": [], "start_line": 23}, "": {"executed_lines": [], "summary": {"covered_lines": 0, "num_statements": 27, "percent_covered": 0.0, "percent_covered_display": "0", "missing_lines": 27, "excluded_lines": 2, "percent_statements_covered": 0.0, "percent_statements_covered_display": "0"}, "missing_lines": [9, 11, 12, 13, 14, 15, 19, 20, 23, 26, 27, 30, 50, 62, 63, 67, 68, 73, 74, 81, 82, 93, 113, 144, 145, 181, 264], "excluded_lines": [17, 18], "start_line": 1}}}, "src/datasource/adapters/international_finance_adapter.py": {"executed_lines": [8, 9, 10, 11, 12, 13, 14, 16, 17, 20, 21, 22, 25, 27, 28, 29, 30, 31, 33, 35, 36, 37, 38, 39, 42, 45, 54, 55, 56, 57, 58, 60, 62, 72, 162, 345, 396, 431, 464, 473, 509, 518, 537, 546, 565], "summary": {"covered_lines": 45, "num_statements": 234, "percent_covered": 19.23076923076923, "percent_covered_display": "19", "missing_lines": 189, "excluded_lines": 0, "percent_statements_covered": 19.23076923076923, "percent_statements_covered_display": "19"}, "missing_lines": [40, 64, 66, 67, 68, 69, 70, 89, 92, 93, 94, 101, 103, 105, 106, 107, 108, 109, 111, 112, 120, 121, 122, 123, 125, 128, 130, 143, 145, 153, 154, 155, 179, 182, 183, 184, 191, 193, 195, 196, 197, 198, 199, 201, 202, 210, 211, 212, 213, 214, 215, 217, 218, 219, 220, 221, 222, 223, 224, 235, 236, 237, 240, 241, 242, 243, 244, 245, 246, 247, 254, 256, 257, 265, 266, 267, 272, 273, 277, 278, 284, 285, 286, 287, 288, 300, 301, 302, 305, 306, 307, 309, 310, 312, 313, 315, 328, 336, 337, 338, 360, 361, 364, 365, 366, 367, 370, 371, 372, 373, 376, 377, 383, 384, 385, 392, 394, 398, 399, 402, 403, 404, 405, 406, 409, 410, 411, 412, 415, 416, 417, 419, 420, 424, 425, 429, 433, 434, 436, 437, 438, 439, 440, 441, 444, 447, 448, 452, 453, 457, 458, 462, 470, 471, 478, 479, 481, 484, 488, 489, 491, 492, 493, 495, 496, 497, 500, 501, 502, 503, 504, 506, 511, 521, 522, 523, 526, 527, 528, 530, 539, 549, 550, 551, 554, 555, 556, 558, 567], "excluded_lines": [], "functions": {"InternationalFinanceConfig.__init__": {"executed_lines": [35, 36, 37, 38, 39, 42], "summary": {"covered_lines": 6, "num_statements": 7, "percent_covered": 85.71428571428571, "percent_covered_display": "86", "missing_lines": 1, "excluded_lines": 0, "percent_statements_covered": 85.71428571428571, "percent_statements_covered_display": "86"}, "missing_lines": [40], "excluded_lines": [], "start_line": 33}, "InternationalFinanceAdapter.__init__": {"executed_lines": [55, 56, 57, 58, 60], "summary": {"covered_lines": 5, "num_statements": 5, "percent_covered": 100.0, "percent_covered_display": "100", "missing_lines": 0, "excluded_lines": 0, "percent_statements_covered": 100.0, "percent_statements_covered_display": "100"}, "missing_lines": [], "excluded_lines": [], "start_line": 54}, "InternationalFinanceAdapter.is_available": {"executed_lines": [], "summary": {"covered_lines": 0, "num_statements": 6, "percent_covered": 0.0, "percent_covered_display": "0", "missing_lines": 6, "excluded_lines": 0, "percent_statements_covered": 0.0, "percent_statements_covered_display": "0"}, "missing_lines": [64, 66, 67, 68, 69, 70], "excluded_lines": [], "start_line": 62}, "InternationalFinanceAdapter.get_forex_data": {"executed_lines": [], "summary": {"covered_lines": 0, "num_statements": 25, "percent_covered": 0.0, "percent_covered_display": "0", "missing_lines": 25, "excluded_lines": 0, "percent_statements_covered": 0.0, "percent_statements_covered_display": "0"}, "missing_lines": [89, 92, 93, 94, 101, 103, 105, 106, 107, 108, 109, 111, 112, 120, 121, 122, 123, 125, 128, 130, 143, 145, 153, 154, 155], "excluded_lines": [], "start_line": 72}, "InternationalFinanceAdapter.get_bond_yield_data": {"executed_lines": [], "summary": {"covered_lines": 0, "num_statements": 68, "percent_covered": 0.0, "percent_covered_display": "0", "missing_lines": 68, "excluded_lines": 0, "percent_statements_covered": 0.0, "percent_statements_covered_display": "0"}, "missing_lines": [179, 182, 183, 184, 191, 193, 195, 196, 197, 198, 199, 201, 202, 210, 211, 212, 213, 214, 215, 217, 218, 219, 220, 221, 222, 223, 224, 235, 236, 237, 240, 241, 242, 243, 244, 245, 246, 247, 254, 256, 257, 265, 266, 267, 272, 273, 277, 278, 284, 285, 286, 287, 288, 300, 301, 302, 305, 306, 307, 309, 310, 312, 313, 315, 328, 336, 337, 338], "excluded_lines": [], "start_line": 162}, "InternationalFinanceAdapter.batch_get_background_scan_data": {"executed_lines": [], "summary": {"covered_lines": 0, "num_statements": 17, "percent_covered": 0.0, "percent_covered_display": "0", "missing_lines": 17, "excluded_lines": 0, "percent_statements_covered": 0.0, "percent_statements_covered_display": "0"}, "missing_lines": [360, 361, 364, 365, 366, 367, 370, 371, 372, 373, 376, 377, 383, 384, 385, 392, 394], "excluded_lines": [], "start_line": 345}, "InternationalFinanceAdapter._format_forex_data": {"executed_lines": [], "summary": {"covered_lines": 0, "num_statements": 19, "percent_covered": 0.0, "percent_covered_display": "0", "missing_lines": 19, "excluded_lines": 0, "percent_statements_covered": 0.0, "percent_statements_covered_display": "0"}, "missing_lines": [398, 399, 402, 403, 404, 405, 406, 409, 410, 411, 412, 415, 416, 417, 419, 420, 424, 425, 429], "excluded_lines": [], "start_line": 396}, "InternationalFinanceAdapter._format_bond_yield_data": {"executed_lines": [], "summary": {"covered_lines": 0, "num_statements": 16, "percent_covered": 0.0, "percent_covered_display": "0", "missing_lines": 16, "excluded_lines": 0, "percent_statements_covered": 0.0, "percent_statements_covered_display": "0"}, "missing_lines": [433, 434, 436, 437, 438, 439, 440, 441, 444, 447, 448, 452, 453, 457, 458, 462], "excluded_lines": [], "start_line": 431}, "InternationalFinanceAdapter._get_bond_etf_proxy_data": {"executed_lines": [], "summary": {"covered_lines": 0, "num_statements": 2, "percent_covered": 0.0, "percent_covered_display": "0", "missing_lines": 2, "excluded_lines": 0, "percent_statements_covered": 0.0, "percent_statements_covered_display": "0"}, "missing_lines": [470, 471], "excluded_lines": [], "start_line": 464}, "InternationalFinanceAdapter._convert_etf_to_yield": {"executed_lines": [], "summary": {"covered_lines": 0, "num_statements": 18, "percent_covered": 0.0, "percent_covered_display": "0", "missing_lines": 18, "excluded_lines": 0, "percent_statements_covered": 0.0, "percent_statements_covered_display": "0"}, "missing_lines": [478, 479, 481, 484, 488, 489, 491, 492, 493, 495, 496, 497, 500, 501, 502, 503, 504, 506], "excluded_lines": [], "start_line": 473}, "InternationalFinanceAdapter.get_stock_basic": {"executed_lines": [], "summary": {"covered_lines": 0, "num_statements": 1, "percent_covered": 0.0, "percent_covered_display": "0", "missing_lines": 1, "excluded_lines": 0, "percent_statements_covered": 0.0, "percent_statements_covered_display": "0"}, "missing_lines": [511], "excluded_lines": [], "start_line": 509}, "InternationalFinanceAdapter.get_stock_daily": {"executed_lines": [], "summary": {"covered_lines": 0, "num_statements": 7, "percent_covered": 0.0, "percent_covered_display": "0", "missing_lines": 7, "excluded_lines": 0, "percent_statements_covered": 0.0, "percent_statements_covered_display": "0"}, "missing_lines": [521, 522, 523, 526, 527, 528, 530], "excluded_lines": [], "start_line": 518}, "InternationalFinanceAdapter.get_stock_realtime": {"executed_lines": [], "summary": {"covered_lines": 0, "num_statements": 1, "percent_covered": 0.0, "percent_covered_display": "0", "missing_lines": 1, "excluded_lines": 0, "percent_statements_covered": 0.0, "percent_statements_covered_display": "0"}, "missing_lines": [539], "excluded_lines": [], "start_line": 537}, "InternationalFinanceAdapter.get_index_daily": {"executed_lines": [], "summary": {"covered_lines": 0, "num_statements": 7, "percent_covered": 0.0, "percent_covered_display": "0", "missing_lines": 7, "excluded_lines": 0, "percent_statements_covered": 0.0, "percent_statements_covered_display": "0"}, "missing_lines": [549, 550, 551, 554, 555, 556, 558], "excluded_lines": [], "start_line": 546}, "InternationalFinanceAdapter.get_financial_data": {"executed_lines": [], "summary": {"covered_lines": 0, "num_statements": 1, "percent_covered": 0.0, "percent_covered_display": "0", "missing_lines": 1, "excluded_lines": 0, "percent_statements_covered": 0.0, "percent_statements_covered_display": "0"}, "missing_lines": [567], "excluded_lines": [], "start_line": 565}, "": {"executed_lines": [8, 9, 10, 11, 12, 13, 14, 16, 17, 20, 21, 22, 25, 27, 28, 29, 30, 31, 33, 45, 54, 62, 72, 162, 345, 396, 431, 464, 473, 509, 518, 537, 546, 565], "summary": {"covered_lines": 34, "num_statements": 34, "percent_covered": 100.0, "percent_covered_display": "100", "missing_lines": 0, "excluded_lines": 0, "percent_statements_covered": 100.0, "percent_statements_covered_display": "100"}, "missing_lines": [], "excluded_lines": [], "start_line": 1}}, "classes": {"InternationalFinanceConfig": {"executed_lines": [35, 36, 37, 38, 39, 42], "summary": {"covered_lines": 6, "num_statements": 7, "percent_covered": 85.71428571428571, "percent_covered_display": "86", "missing_lines": 1, "excluded_lines": 0, "percent_statements_covered": 85.71428571428571, "percent_statements_covered_display": "86"}, "missing_lines": [40], "excluded_lines": [], "start_line": 25}, "InternationalFinanceAdapter": {"executed_lines": [55, 56, 57, 58, 60], "summary": {"covered_lines": 5, "num_statements": 193, "percent_covered": 2.5906735751295336, "percent_covered_display": "3", "missing_lines": 188, "excluded_lines": 0, "percent_statements_covered": 2.5906735751295336, "percent_statements_covered_display": "3"}, "missing_lines": [64, 66, 67, 68, 69, 70, 89, 92, 93, 94, 101, 103, 105, 106, 107, 108, 109, 111, 112, 120, 121, 122, 123, 125, 128, 130, 143, 145, 153, 154, 155, 179, 182, 183, 184, 191, 193, 195, 196, 197, 198, 199, 201, 202, 210, 211, 212, 213, 214, 215, 217, 218, 219, 220, 221, 222, 223, 224, 235, 236, 237, 240, 241, 242, 243, 244, 245, 246, 247, 254, 256, 257, 265, 266, 267, 272, 273, 277, 278, 284, 285, 286, 287, 288, 300, 301, 302, 305, 306, 307, 309, 310, 312, 313, 315, 328, 336, 337, 338, 360, 361, 364, 365, 366, 367, 370, 371, 372, 373, 376, 377, 383, 384, 385, 392, 394, 398, 399, 402, 403, 404, 405, 406, 409, 410, 411, 412, 415, 416, 417, 419, 420, 424, 425, 429, 433, 434, 436, 437, 438, 439, 440, 441, 444, 447, 448, 452, 453, 457, 458, 462, 470, 471, 478, 479, 481, 484, 488, 489, 491, 492, 493, 495, 496, 497, 500, 501, 502, 503, 504, 506, 511, 521, 522, 523, 526, 527, 528, 530, 539, 549, 550, 551, 554, 555, 556, 558, 567], "excluded_lines": [], "start_line": 45}, "": {"executed_lines": [8, 9, 10, 11, 12, 13, 14, 16, 17, 20, 21, 22, 25, 27, 28, 29, 30, 31, 33, 45, 54, 62, 72, 162, 345, 396, 431, 464, 473, 509, 518, 537, 546, 565], "summary": {"covered_lines": 34, "num_statements": 34, "percent_covered": 100.0, "percent_covered_display": "100", "missing_lines": 0, "excluded_lines": 0, "percent_statements_covered": 100.0, "percent_statements_covered_display": "100"}, "missing_lines": [], "excluded_lines": [], "start_line": 1}}}, "src/datasource/adapters/tavily_client.py": {"executed_lines": [], "summary": {"covered_lines": 0, "num_statements": 228, "percent_covered": 0.0, "percent_covered_display": "0", "missing_lines": 228, "excluded_lines": 2, "percent_statements_covered": 0.0, "percent_statements_covered_display": "0"}, "missing_lines": [13, 15, 16, 17, 18, 19, 20, 24, 25, 27, 29, 32, 35, 48, 49, 50, 51, 52, 54, 55, 56, 57, 58, 59, 60, 61, 63, 64, 65, 66, 67, 68, 69, 70, 71, 73, 74, 81, 85, 86, 87, 88, 89, 91, 96, 97, 99, 100, 101, 102, 103, 104, 105, 106, 107, 109, 110, 115, 120, 121, 123, 124, 125, 127, 128, 129, 130, 131, 133, 134, 135, 137, 138, 139, 140, 142, 143, 147, 149, 153, 155, 156, 163, 164, 165, 166, 167, 168, 170, 171, 172, 173, 174, 175, 176, 178, 179, 180, 181, 182, 183, 184, 185, 187, 188, 189, 190, 192, 193, 194, 196, 197, 198, 199, 200, 201, 202, 204, 226, 227, 229, 234, 235, 236, 237, 238, 239, 240, 241, 242, 243, 244, 245, 246, 247, 248, 249, 250, 251, 252, 253, 254, 255, 256, 258, 259, 260, 261, 262, 263, 264, 265, 267, 268, 269, 271, 272, 273, 274, 275, 276, 277, 278, 279, 280, 281, 283, 284, 285, 287, 288, 294, 295, 296, 297, 298, 299, 301, 303, 304, 306, 307, 308, 310, 323, 324, 325, 326, 328, 333, 334, 335, 336, 338, 341, 342, 343, 344, 345, 346, 347, 348, 349, 350, 351, 353, 354, 355, 356, 357, 358, 360, 361, 362, 363, 364, 365, 366, 367, 368, 369, 370, 371, 372, 379, 380, 381, 384], "excluded_lines": [22, 23], "functions": {"AsyncTavilyClient.__init__": {"executed_lines": [], "summary": {"covered_lines": 0, "num_statements": 13, "percent_covered": 0.0, "percent_covered_display": "0", "missing_lines": 13, "excluded_lines": 0, "percent_statements_covered": 0.0, "percent_statements_covered_display": "0"}, "missing_lines": [48, 49, 50, 51, 52, 54, 55, 56, 57, 58, 59, 60, 61], "excluded_lines": [], "start_line": 35}, "AsyncTavilyClient._supports_kwarg": {"executed_lines": [], "summary": {"covered_lines": 0, "num_statements": 7, "percent_covered": 0.0, "percent_covered_display": "0", "missing_lines": 7, "excluded_lines": 0, "percent_statements_covered": 0.0, "percent_statements_covered_display": "0"}, "missing_lines": [65, 66, 67, 68, 69, 70, 71], "excluded_lines": [], "start_line": 64}, "AsyncTavilyClient._make_timeout_config": {"executed_lines": [], "summary": {"covered_lines": 0, "num_statements": 1, "percent_covered": 0.0, "percent_covered_display": "0", "missing_lines": 1, "excluded_lines": 0, "percent_statements_covered": 0.0, "percent_statements_covered_display": "0"}, "missing_lines": [74], "excluded_lines": [], "start_line": 73}, "AsyncTavilyClient._build_proxy_mounts": {"executed_lines": [], "summary": {"covered_lines": 0, "num_statements": 17, "percent_covered": 0.0, "percent_covered_display": "0", "missing_lines": 17, "excluded_lines": 0, "percent_statements_covered": 0.0, "percent_statements_covered_display": "0"}, "missing_lines": [85, 86, 87, 88, 89, 91, 96, 97, 99, 100, 101, 102, 103, 104, 105, 106, 107], "excluded_lines": [], "start_line": 81}, "AsyncTavilyClient._build_client_kwargs": {"executed_lines": [], "summary": {"covered_lines": 0, "num_statements": 24, "percent_covered": 0.0, "percent_covered_display": "0", "missing_lines": 24, "excluded_lines": 0, "percent_statements_covered": 0.0, "percent_statements_covered_display": "0"}, "missing_lines": [110, 115, 120, 121, 123, 124, 125, 127, 128, 129, 130, 131, 133, 134, 135, 137, 138, 139, 140, 142, 143, 147, 149, 153], "excluded_lines": [], "start_line": 109}, "AsyncTavilyClient._resolve_verify": {"executed_lines": [], "summary": {"covered_lines": 0, "num_statements": 13, "percent_covered": 0.0, "percent_covered_display": "0", "missing_lines": 13, "excluded_lines": 0, "percent_statements_covered": 0.0, "percent_statements_covered_display": "0"}, "missing_lines": [163, 164, 165, 166, 167, 168, 170, 171, 172, 173, 174, 175, 176], "excluded_lines": [], "start_line": 156}, "AsyncTavilyClient.__aenter__": {"executed_lines": [], "summary": {"covered_lines": 0, "num_statements": 7, "percent_covered": 0.0, "percent_covered_display": "0", "missing_lines": 7, "excluded_lines": 0, "percent_statements_covered": 0.0, "percent_statements_covered_display": "0"}, "missing_lines": [179, 180, 181, 182, 183, 184, 185], "excluded_lines": [], "start_line": 178}, "AsyncTavilyClient.__aexit__": {"executed_lines": [], "summary": {"covered_lines": 0, "num_statements": 3, "percent_covered": 0.0, "percent_covered_display": "0", "missing_lines": 3, "excluded_lines": 0, "percent_statements_covered": 0.0, "percent_statements_covered_display": "0"}, "missing_lines": [188, 189, 190], "excluded_lines": [], "start_line": 187}, "AsyncTavilyClient._make_cache_key": {"executed_lines": [], "summary": {"covered_lines": 0, "num_statements": 2, "percent_covered": 0.0, "percent_covered_display": "0", "missing_lines": 2, "excluded_lines": 0, "percent_statements_covered": 0.0, "percent_statements_covered_display": "0"}, "missing_lines": [193, 194], "excluded_lines": [], "start_line": 192}, "AsyncTavilyClient._ensure_client": {"executed_lines": [], "summary": {"covered_lines": 0, "num_statements": 6, "percent_covered": 0.0, "percent_covered_display": "0", "missing_lines": 6, "excluded_lines": 0, "percent_statements_covered": 0.0, "percent_statements_covered_display": "0"}, "missing_lines": [197, 198, 199, 200, 201, 202], "excluded_lines": [], "start_line": 196}, "AsyncTavilyClient.search": {"executed_lines": [], "summary": {"covered_lines": 0, "num_statements": 48, "percent_covered": 0.0, "percent_covered_display": "0", "missing_lines": 48, "excluded_lines": 0, "percent_statements_covered": 0.0, "percent_statements_covered_display": "0"}, "missing_lines": [226, 227, 229, 234, 235, 236, 237, 238, 239, 240, 241, 242, 243, 244, 245, 246, 247, 248, 249, 250, 251, 252, 253, 254, 255, 256, 258, 267, 268, 269, 271, 283, 284, 285, 287, 288, 294, 295, 296, 297, 298, 299, 301, 303, 304, 306, 307, 308], "excluded_lines": [], "start_line": 204}, "AsyncTavilyClient.search._read_cache": {"executed_lines": [], "summary": {"covered_lines": 0, "num_statements": 7, "percent_covered": 0.0, "percent_covered_display": "0", "missing_lines": 7, "excluded_lines": 0, "percent_statements_covered": 0.0, "percent_statements_covered_display": "0"}, "missing_lines": [259, 260, 261, 262, 263, 264, 265], "excluded_lines": [], "start_line": 258}, "AsyncTavilyClient.search._do_post": {"executed_lines": [], "summary": {"covered_lines": 0, "num_statements": 10, "percent_covered": 0.0, "percent_covered_display": "0", "missing_lines": 10, "excluded_lines": 0, "percent_statements_covered": 0.0, "percent_statements_covered_display": "0"}, "missing_lines": [272, 273, 274, 275, 276, 277, 278, 279, 280, 281], "excluded_lines": [], "start_line": 271}, "AsyncTavilyClient.extract": {"executed_lines": [], "summary": {"covered_lines": 0, "num_statements": 43, "percent_covered": 0.0, "percent_covered_display": "0", "missing_lines": 43, "excluded_lines": 0, "percent_statements_covered": 0.0, "percent_statements_covered_display": "0"}, "missing_lines": [323, 324, 325, 326, 328, 333, 334, 335, 336, 338, 341, 342, 343, 344, 345, 346, 347, 348, 349, 350, 351, 353, 354, 355, 356, 357, 358, 360, 361, 362, 363, 364, 365, 366, 367, 368, 369, 370, 371, 372, 379, 380, 381], "excluded_lines": [], "start_line": 310}, "": {"executed_lines": [], "summary": {"covered_lines": 0, "num_statements": 27, "percent_covered": 0.0, "percent_covered_display": "0", "missing_lines": 27, "excluded_lines": 2, "percent_statements_covered": 0.0, "percent_statements_covered_display": "0"}, "missing_lines": [13, 15, 16, 17, 18, 19, 20, 24, 25, 27, 29, 32, 35, 63, 64, 73, 81, 109, 155, 156, 178, 187, 192, 196, 204, 310, 384], "excluded_lines": [22, 23], "start_line": 1}}, "classes": {"AsyncTavilyClient": {"executed_lines": [], "summary": {"covered_lines": 0, "num_statements": 201, "percent_covered": 0.0, "percent_covered_display": "0", "missing_lines": 201, "excluded_lines": 0, "percent_statements_covered": 0.0, "percent_statements_covered_display": "0"}, "missing_lines": [48, 49, 50, 51, 52, 54, 55, 56, 57, 58, 59, 60, 61, 65, 66, 67, 68, 69, 70, 71, 74, 85, 86, 87, 88, 89, 91, 96, 97, 99, 100, 101, 102, 103, 104, 105, 106, 107, 110, 115, 120, 121, 123, 124, 125, 127, 128, 129, 130, 131, 133, 134, 135, 137, 138, 139, 140, 142, 143, 147, 149, 153, 163, 164, 165, 166, 167, 168, 170, 171, 172, 173, 174, 175, 176, 179, 180, 181, 182, 183, 184, 185, 188, 189, 190, 193, 194, 197, 198, 199, 200, 201, 202, 226, 227, 229, 234, 235, 236, 237, 238, 239, 240, 241, 242, 243, 244, 245, 246, 247, 248, 249, 250, 251, 252, 253, 254, 255, 256, 258, 259, 260, 261, 262, 263, 264, 265, 267, 268, 269, 271, 272, 273, 274, 275, 276, 277, 278, 279, 280, 281, 283, 284, 285, 287, 288, 294, 295, 296, 297, 298, 299, 301, 303, 304, 306, 307, 308, 323, 324, 325, 326, 328, 333, 334, 335, 336, 338, 341, 342, 343, 344, 345, 346, 347, 348, 349, 350, 351, 353, 354, 355, 356, 357, 358, 360, 361, 362, 363, 364, 365, 366, 367, 368, 369, 370, 371, 372, 379, 380, 381], "excluded_lines": [], "start_line": 32}, "": {"executed_lines": [], "summary": {"covered_lines": 0, "num_statements": 27, "percent_covered": 0.0, "percent_covered_display": "0", "missing_lines": 27, "excluded_lines": 2, "percent_statements_covered": 0.0, "percent_statements_covered_display": "0"}, "missing_lines": [13, 15, 16, 17, 18, 19, 20, 24, 25, 27, 29, 32, 35, 63, 64, 73, 81, 109, 155, 156, 178, 187, 192, 196, 204, 310, 384], "excluded_lines": [22, 23], "start_line": 1}}}, "src/datasource/adapters/tushare_adapter.py": {"executed_lines": [1, 2, 3, 4, 5, 6, 8, 9, 10, 11, 12, 15, 17, 18, 19, 20, 21, 22, 23, 26, 29, 30, 32, 35, 38, 39, 40, 43, 44, 45, 55, 56, 58, 60, 64, 65, 66, 71, 74, 76, 77, 80, 81, 83, 88, 89, 117, 118, 120, 121, 125, 126, 128, 129, 131, 135, 137, 144, 165, 166, 220, 221, 252, 253, 284, 285, 316, 317, 345, 346, 374, 375, 403, 404, 432, 433, 482, 483, 548, 549, 551, 552, 554, 556, 578, 579, 580, 588, 605, 626, 627, 667, 668, 708, 709, 738, 739, 768, 769, 798, 799, 828, 829, 858, 859, 888, 889, 918, 919, 948, 949, 981, 982, 1014, 1015, 1044, 1045, 1079, 1080, 1108, 1109, 1137, 1138, 1170, 1171, 1211, 1212, 1246, 1247, 1276, 1277, 1305, 1306, 1334, 1335, 1363, 1364, 1396, 1407, 1416, 1438, 1459, 1492], "summary": {"covered_lines": 143, "num_statements": 620, "percent_covered": 23.06451612903226, "percent_covered_display": "23", "missing_lines": 477, "excluded_lines": 0, "percent_statements_covered": 23.06451612903226, "percent_statements_covered_display": "23"}, "missing_lines": [31, 41, 46, 47, 48, 49, 50, 51, 52, 53, 54, 67, 68, 84, 85, 86, 91, 92, 93, 95, 97, 102, 108, 109, 110, 122, 127, 133, 153, 154, 155, 168, 169, 172, 174, 175, 176, 177, 178, 179, 180, 182, 184, 187, 193, 194, 197, 202, 203, 205, 211, 212, 213, 223, 224, 225, 227, 228, 235, 243, 244, 245, 255, 256, 257, 259, 260, 267, 275, 276, 277, 287, 288, 289, 291, 292, 299, 307, 308, 309, 319, 320, 321, 323, 324, 331, 336, 337, 338, 348, 349, 350, 352, 353, 360, 365, 366, 367, 377, 378, 379, 381, 382, 389, 394, 395, 396, 406, 407, 408, 410, 411, 418, 423, 424, 425, 435, 436, 437, 440, 441, 442, 443, 444, 446, 448, 449, 450, 451, 452, 453, 461, 462, 464, 465, 473, 474, 475, 495, 496, 497, 499, 500, 501, 502, 504, 505, 506, 508, 509, 511, 516, 530, 531, 532, 557, 558, 559, 565, 566, 567, 581, 582, 584, 586, 596, 614, 615, 616, 629, 630, 632, 633, 635, 636, 643, 644, 646, 655, 656, 657, 670, 671, 672, 675, 676, 677, 678, 679, 681, 683, 685, 688, 693, 699, 700, 701, 711, 712, 713, 715, 716, 718, 723, 729, 730, 731, 741, 742, 743, 745, 746, 748, 753, 759, 760, 761, 771, 772, 773, 775, 776, 778, 783, 789, 790, 791, 801, 802, 803, 805, 806, 808, 813, 819, 820, 821, 831, 832, 833, 835, 836, 838, 843, 849, 850, 851, 861, 862, 863, 865, 866, 868, 873, 879, 880, 881, 891, 892, 893, 895, 896, 898, 903, 909, 910, 911, 921, 922, 923, 925, 926, 928, 933, 939, 940, 941, 951, 952, 953, 955, 956, 958, 966, 972, 973, 974, 984, 985, 986, 988, 989, 991, 999, 1005, 1006, 1007, 1017, 1018, 1019, 1021, 1022, 1024, 1029, 1035, 1036, 1037, 1047, 1048, 1049, 1051, 1052, 1053, 1054, 1055, 1057, 1059, 1064, 1070, 1071, 1072, 1082, 1083, 1084, 1086, 1088, 1093, 1099, 1100, 1101, 1111, 1112, 1113, 1115, 1117, 1122, 1128, 1129, 1130, 1140, 1141, 1142, 1144, 1145, 1146, 1148, 1150, 1155, 1161, 1162, 1163, 1179, 1180, 1181, 1183, 1184, 1185, 1186, 1187, 1189, 1191, 1196, 1202, 1203, 1204, 1214, 1215, 1216, 1218, 1219, 1220, 1221, 1222, 1224, 1226, 1231, 1237, 1238, 1239, 1249, 1250, 1251, 1253, 1254, 1256, 1261, 1267, 1268, 1269, 1279, 1280, 1281, 1283, 1285, 1290, 1296, 1297, 1298, 1308, 1309, 1310, 1312, 1314, 1319, 1325, 1326, 1327, 1337, 1338, 1339, 1341, 1343, 1348, 1354, 1355, 1356, 1366, 1367, 1368, 1370, 1371, 1372, 1374, 1376, 1381, 1387, 1388, 1389, 1398, 1399, 1400, 1401, 1402, 1404, 1405, 1409, 1410, 1411, 1413, 1414, 1418, 1431, 1432, 1433, 1434, 1435, 1436, 1440, 1441, 1443, 1453, 1454, 1455, 1456, 1457, 1461, 1462, 1464, 1478, 1481, 1482, 1483, 1484, 1486, 1487, 1488, 1490, 1494, 1495, 1497, 1498, 1501, 1502, 1503, 1504, 1505, 1506], "excluded_lines": [], "functions": {"TuShareAdapter.__init__": {"executed_lines": [30, 32, 35, 38, 39, 40, 43, 44, 45, 55, 56, 58], "summary": {"covered_lines": 12, "num_statements": 23, "percent_covered": 52.17391304347826, "percent_covered_display": "52", "missing_lines": 11, "excluded_lines": 0, "percent_statements_covered": 52.17391304347826, "percent_statements_covered_display": "52"}, "missing_lines": [31, 41, 46, 47, 48, 49, 50, 51, 52, 53, 54], "excluded_lines": [], "start_line": 29}, "TuShareAdapter._execute_with_cache_and_rate_limit": {"executed_lines": [64, 65, 66, 71, 74, 76, 77, 80, 81, 83], "summary": {"covered_lines": 10, "num_statements": 15, "percent_covered": 66.66666666666667, "percent_covered_display": "67", "missing_lines": 5, "excluded_lines": 0, "percent_statements_covered": 66.66666666666667, "percent_statements_covered_display": "67"}, "missing_lines": [67, 68, 84, 85, 86], "excluded_lines": [], "start_line": 60}, "TuShareAdapter.get_stock_basic": {"executed_lines": [], "summary": {"covered_lines": 0, "num_statements": 9, "percent_covered": 0.0, "percent_covered_display": "0", "missing_lines": 9, "excluded_lines": 0, "percent_statements_covered": 0.0, "percent_statements_covered_display": "0"}, "missing_lines": [91, 92, 93, 95, 97, 102, 108, 109, 110], "excluded_lines": [], "start_line": 89}, "TuShareAdapter.get_stock_daily": {"executed_lines": [120, 121, 125, 126, 128, 129, 131, 135, 137, 144], "summary": {"covered_lines": 10, "num_statements": 16, "percent_covered": 62.5, "percent_covered_display": "62", "missing_lines": 6, "excluded_lines": 0, "percent_statements_covered": 62.5, "percent_statements_covered_display": "62"}, "missing_lines": [122, 127, 133, 153, 154, 155], "excluded_lines": [], "start_line": 118}, "TuShareAdapter.get_stock_realtime": {"executed_lines": [], "summary": {"covered_lines": 0, "num_statements": 22, "percent_covered": 0.0, "percent_covered_display": "0", "missing_lines": 22, "excluded_lines": 0, "percent_statements_covered": 0.0, "percent_statements_covered_display": "0"}, "missing_lines": [168, 169, 172, 174, 175, 176, 177, 178, 179, 180, 182, 184, 187, 193, 194, 197, 202, 203, 205, 211, 212, 213], "excluded_lines": [], "start_line": 166}, "TuShareAdapter.get_repo_rate": {"executed_lines": [], "summary": {"covered_lines": 0, "num_statements": 9, "percent_covered": 0.0, "percent_covered_display": "0", "missing_lines": 9, "excluded_lines": 0, "percent_statements_covered": 0.0, "percent_statements_covered_display": "0"}, "missing_lines": [223, 224, 225, 227, 228, 235, 243, 244, 245], "excluded_lines": [], "start_line": 221}, "TuShareAdapter.get_money_supply": {"executed_lines": [], "summary": {"covered_lines": 0, "num_statements": 9, "percent_covered": 0.0, "percent_covered_display": "0", "missing_lines": 9, "excluded_lines": 0, "percent_statements_covered": 0.0, "percent_statements_covered_display": "0"}, "missing_lines": [255, 256, 257, 259, 260, 267, 275, 276, 277], "excluded_lines": [], "start_line": 253}, "TuShareAdapter.get_social_financing": {"executed_lines": [], "summary": {"covered_lines": 0, "num_statements": 9, "percent_covered": 0.0, "percent_covered_display": "0", "missing_lines": 9, "excluded_lines": 0, "percent_statements_covered": 0.0, "percent_statements_covered_display": "0"}, "missing_lines": [287, 288, 289, 291, 292, 299, 307, 308, 309], "excluded_lines": [], "start_line": 285}, "TuShareAdapter.get_gdp_data": {"executed_lines": [], "summary": {"covered_lines": 0, "num_statements": 9, "percent_covered": 0.0, "percent_covered_display": "0", "missing_lines": 9, "excluded_lines": 0, "percent_statements_covered": 0.0, "percent_statements_covered_display": "0"}, "missing_lines": [319, 320, 321, 323, 324, 331, 336, 337, 338], "excluded_lines": [], "start_line": 317}, "TuShareAdapter.get_pmi_data": {"executed_lines": [], "summary": {"covered_lines": 0, "num_statements": 9, "percent_covered": 0.0, "percent_covered_display": "0", "missing_lines": 9, "excluded_lines": 0, "percent_statements_covered": 0.0, "percent_statements_covered_display": "0"}, "missing_lines": [348, 349, 350, 352, 353, 360, 365, 366, 367], "excluded_lines": [], "start_line": 346}, "TuShareAdapter.get_ppi_data": {"executed_lines": [], "summary": {"covered_lines": 0, "num_statements": 9, "percent_covered": 0.0, "percent_covered_display": "0", "missing_lines": 9, "excluded_lines": 0, "percent_statements_covered": 0.0, "percent_statements_covered_display": "0"}, "missing_lines": [377, 378, 379, 381, 382, 389, 394, 395, 396], "excluded_lines": [], "start_line": 375}, "TuShareAdapter.get_cpi_data": {"executed_lines": [], "summary": {"covered_lines": 0, "num_statements": 9, "percent_covered": 0.0, "percent_covered_display": "0", "missing_lines": 9, "excluded_lines": 0, "percent_statements_covered": 0.0, "percent_statements_covered_display": "0"}, "missing_lines": [406, 407, 408, 410, 411, 418, 423, 424, 425], "excluded_lines": [], "start_line": 404}, "TuShareAdapter.get_margin_total": {"executed_lines": [], "summary": {"covered_lines": 0, "num_statements": 22, "percent_covered": 0.0, "percent_covered_display": "0", "missing_lines": 22, "excluded_lines": 0, "percent_statements_covered": 0.0, "percent_statements_covered_display": "0"}, "missing_lines": [435, 436, 437, 440, 441, 442, 443, 444, 446, 448, 449, 450, 451, 452, 453, 461, 462, 464, 465, 473, 474, 475], "excluded_lines": [], "start_line": 433}, "TuShareAdapter.get_daily_market_info": {"executed_lines": [], "summary": {"covered_lines": 0, "num_statements": 17, "percent_covered": 0.0, "percent_covered_display": "0", "missing_lines": 17, "excluded_lines": 0, "percent_statements_covered": 0.0, "percent_statements_covered_display": "0"}, "missing_lines": [495, 496, 497, 499, 500, 501, 502, 504, 505, 506, 508, 509, 511, 516, 530, 531, 532], "excluded_lines": [], "start_line": 483}, "TuShareAdapter.get_index_daily": {"executed_lines": [551, 552, 554, 556, 578, 579, 580, 588, 605], "summary": {"covered_lines": 9, "num_statements": 23, "percent_covered": 39.130434782608695, "percent_covered_display": "39", "missing_lines": 14, "excluded_lines": 0, "percent_statements_covered": 39.130434782608695, "percent_statements_covered_display": "39"}, "missing_lines": [557, 558, 559, 565, 566, 567, 581, 582, 584, 586, 596, 614, 615, 616], "excluded_lines": [], "start_line": 549}, "TuShareAdapter.get_fund_daily": {"executed_lines": [], "summary": {"covered_lines": 0, "num_statements": 12, "percent_covered": 0.0, "percent_covered_display": "0", "missing_lines": 12, "excluded_lines": 0, "percent_statements_covered": 0.0, "percent_statements_covered_display": "0"}, "missing_lines": [629, 630, 632, 633, 635, 636, 643, 644, 646, 655, 656, 657], "excluded_lines": [], "start_line": 627}, "TuShareAdapter.get_financial_data": {"executed_lines": [], "summary": {"covered_lines": 0, "num_statements": 16, "percent_covered": 0.0, "percent_covered_display": "0", "missing_lines": 16, "excluded_lines": 0, "percent_statements_covered": 0.0, "percent_statements_covered_display": "0"}, "missing_lines": [670, 671, 672, 675, 676, 677, 678, 679, 681, 683, 685, 688, 693, 699, 700, 701], "excluded_lines": [], "start_line": 668}, "TuShareAdapter.get_income_statement": {"executed_lines": [], "summary": {"covered_lines": 0, "num_statements": 10, "percent_covered": 0.0, "percent_covered_display": "0", "missing_lines": 10, "excluded_lines": 0, "percent_statements_covered": 0.0, "percent_statements_covered_display": "0"}, "missing_lines": [711, 712, 713, 715, 716, 718, 723, 729, 730, 731], "excluded_lines": [], "start_line": 709}, "TuShareAdapter.get_balance_sheet": {"executed_lines": [], "summary": {"covered_lines": 0, "num_statements": 10, "percent_covered": 0.0, "percent_covered_display": "0", "missing_lines": 10, "excluded_lines": 0, "percent_statements_covered": 0.0, "percent_statements_covered_display": "0"}, "missing_lines": [741, 742, 743, 745, 746, 748, 753, 759, 760, 761], "excluded_lines": [], "start_line": 739}, "TuShareAdapter.get_cash_flow": {"executed_lines": [], "summary": {"covered_lines": 0, "num_statements": 10, "percent_covered": 0.0, "percent_covered_display": "0", "missing_lines": 10, "excluded_lines": 0, "percent_statements_covered": 0.0, "percent_statements_covered_display": "0"}, "missing_lines": [771, 772, 773, 775, 776, 778, 783, 789, 790, 791], "excluded_lines": [], "start_line": 769}, "TuShareAdapter.get_dividend_data": {"executed_lines": [], "summary": {"covered_lines": 0, "num_statements": 10, "percent_covered": 0.0, "percent_covered_display": "0", "missing_lines": 10, "excluded_lines": 0, "percent_statements_covered": 0.0, "percent_statements_covered_display": "0"}, "missing_lines": [801, 802, 803, 805, 806, 808, 813, 819, 820, 821], "excluded_lines": [], "start_line": 799}, "TuShareAdapter.get_forecast_data": {"executed_lines": [], "summary": {"covered_lines": 0, "num_statements": 10, "percent_covered": 0.0, "percent_covered_display": "0", "missing_lines": 10, "excluded_lines": 0, "percent_statements_covered": 0.0, "percent_statements_covered_display": "0"}, "missing_lines": [831, 832, 833, 835, 836, 838, 843, 849, 850, 851], "excluded_lines": [], "start_line": 829}, "TuShareAdapter.get_express_data": {"executed_lines": [], "summary": {"covered_lines": 0, "num_statements": 10, "percent_covered": 0.0, "percent_covered_display": "0", "missing_lines": 10, "excluded_lines": 0, "percent_statements_covered": 0.0, "percent_statements_covered_display": "0"}, "missing_lines": [861, 862, 863, 865, 866, 868, 873, 879, 880, 881], "excluded_lines": [], "start_line": 859}, "TuShareAdapter.get_top10_holders": {"executed_lines": [], "summary": {"covered_lines": 0, "num_statements": 10, "percent_covered": 0.0, "percent_covered_display": "0", "missing_lines": 10, "excluded_lines": 0, "percent_statements_covered": 0.0, "percent_statements_covered_display": "0"}, "missing_lines": [891, 892, 893, 895, 896, 898, 903, 909, 910, 911], "excluded_lines": [], "start_line": 889}, "TuShareAdapter.get_top10_floatholders": {"executed_lines": [], "summary": {"covered_lines": 0, "num_statements": 10, "percent_covered": 0.0, "percent_covered_display": "0", "missing_lines": 10, "excluded_lines": 0, "percent_statements_covered": 0.0, "percent_statements_covered_display": "0"}, "missing_lines": [921, 922, 923, 925, 926, 928, 933, 939, 940, 941], "excluded_lines": [], "start_line": 919}, "TuShareAdapter.get_weekly_data": {"executed_lines": [], "summary": {"covered_lines": 0, "num_statements": 10, "percent_covered": 0.0, "percent_covered_display": "0", "missing_lines": 10, "excluded_lines": 0, "percent_statements_covered": 0.0, "percent_statements_covered_display": "0"}, "missing_lines": [951, 952, 953, 955, 956, 958, 966, 972, 973, 974], "excluded_lines": [], "start_line": 949}, "TuShareAdapter.get_monthly_data": {"executed_lines": [], "summary": {"covered_lines": 0, "num_statements": 10, "percent_covered": 0.0, "percent_covered_display": "0", "missing_lines": 10, "excluded_lines": 0, "percent_statements_covered": 0.0, "percent_statements_covered_display": "0"}, "missing_lines": [984, 985, 986, 988, 989, 991, 999, 1005, 1006, 1007], "excluded_lines": [], "start_line": 982}, "TuShareAdapter.get_adj_factor": {"executed_lines": [], "summary": {"covered_lines": 0, "num_statements": 10, "percent_covered": 0.0, "percent_covered_display": "0", "missing_lines": 10, "excluded_lines": 0, "percent_statements_covered": 0.0, "percent_statements_covered_display": "0"}, "missing_lines": [1017, 1018, 1019, 1021, 1022, 1024, 1029, 1035, 1036, 1037], "excluded_lines": [], "start_line": 1015}, "TuShareAdapter.get_daily_basic": {"executed_lines": [], "summary": {"covered_lines": 0, "num_statements": 14, "percent_covered": 0.0, "percent_covered_display": "0", "missing_lines": 14, "excluded_lines": 0, "percent_statements_covered": 0.0, "percent_statements_covered_display": "0"}, "missing_lines": [1047, 1048, 1049, 1051, 1052, 1053, 1054, 1055, 1057, 1059, 1064, 1070, 1071, 1072], "excluded_lines": [], "start_line": 1045}, "TuShareAdapter.get_index_basic": {"executed_lines": [], "summary": {"covered_lines": 0, "num_statements": 9, "percent_covered": 0.0, "percent_covered_display": "0", "missing_lines": 9, "excluded_lines": 0, "percent_statements_covered": 0.0, "percent_statements_covered_display": "0"}, "missing_lines": [1082, 1083, 1084, 1086, 1088, 1093, 1099, 1100, 1101], "excluded_lines": [], "start_line": 1080}, "TuShareAdapter.get_index_weight": {"executed_lines": [], "summary": {"covered_lines": 0, "num_statements": 9, "percent_covered": 0.0, "percent_covered_display": "0", "missing_lines": 9, "excluded_lines": 0, "percent_statements_covered": 0.0, "percent_statements_covered_display": "0"}, "missing_lines": [1111, 1112, 1113, 1115, 1117, 1122, 1128, 1129, 1130], "excluded_lines": [], "start_line": 1109}, "TuShareAdapter.get_index_members": {"executed_lines": [], "summary": {"covered_lines": 0, "num_statements": 12, "percent_covered": 0.0, "percent_covered_display": "0", "missing_lines": 12, "excluded_lines": 0, "percent_statements_covered": 0.0, "percent_statements_covered_display": "0"}, "missing_lines": [1140, 1141, 1142, 1144, 1145, 1146, 1148, 1150, 1155, 1161, 1162, 1163], "excluded_lines": [], "start_line": 1138}, "TuShareAdapter.get_index_moneyflow": {"executed_lines": [], "summary": {"covered_lines": 0, "num_statements": 14, "percent_covered": 0.0, "percent_covered_display": "0", "missing_lines": 14, "excluded_lines": 0, "percent_statements_covered": 0.0, "percent_statements_covered_display": "0"}, "missing_lines": [1179, 1180, 1181, 1183, 1184, 1185, 1186, 1187, 1189, 1191, 1196, 1202, 1203, 1204], "excluded_lines": [], "start_line": 1171}, "TuShareAdapter.get_trade_cal": {"executed_lines": [], "summary": {"covered_lines": 0, "num_statements": 14, "percent_covered": 0.0, "percent_covered_display": "0", "missing_lines": 14, "excluded_lines": 0, "percent_statements_covered": 0.0, "percent_statements_covered_display": "0"}, "missing_lines": [1214, 1215, 1216, 1218, 1219, 1220, 1221, 1222, 1224, 1226, 1231, 1237, 1238, 1239], "excluded_lines": [], "start_line": 1212}, "TuShareAdapter.get_money_flow": {"executed_lines": [], "summary": {"covered_lines": 0, "num_statements": 10, "percent_covered": 0.0, "percent_covered_display": "0", "missing_lines": 10, "excluded_lines": 0, "percent_statements_covered": 0.0, "percent_statements_covered_display": "0"}, "missing_lines": [1249, 1250, 1251, 1253, 1254, 1256, 1261, 1267, 1268, 1269], "excluded_lines": [], "start_line": 1247}, "TuShareAdapter.get_concept_data": {"executed_lines": [], "summary": {"covered_lines": 0, "num_statements": 9, "percent_covered": 0.0, "percent_covered_display": "0", "missing_lines": 9, "excluded_lines": 0, "percent_statements_covered": 0.0, "percent_statements_covered_display": "0"}, "missing_lines": [1279, 1280, 1281, 1283, 1285, 1290, 1296, 1297, 1298], "excluded_lines": [], "start_line": 1277}, "TuShareAdapter.get_concept_detail": {"executed_lines": [], "summary": {"covered_lines": 0, "num_statements": 9, "percent_covered": 0.0, "percent_covered_display": "0", "missing_lines": 9, "excluded_lines": 0, "percent_statements_covered": 0.0, "percent_statements_covered_display": "0"}, "missing_lines": [1308, 1309, 1310, 1312, 1314, 1319, 1325, 1326, 1327], "excluded_lines": [], "start_line": 1306}, "TuShareAdapter.get_hs_const": {"executed_lines": [], "summary": {"covered_lines": 0, "num_statements": 9, "percent_covered": 0.0, "percent_covered_display": "0", "missing_lines": 9, "excluded_lines": 0, "percent_statements_covered": 0.0, "percent_statements_covered_display": "0"}, "missing_lines": [1337, 1338, 1339, 1341, 1343, 1348, 1354, 1355, 1356], "excluded_lines": [], "start_line": 1335}, "TuShareAdapter.get_stk_limit": {"executed_lines": [], "summary": {"covered_lines": 0, "num_statements": 12, "percent_covered": 0.0, "percent_covered_display": "0", "missing_lines": 12, "excluded_lines": 0, "percent_statements_covered": 0.0, "percent_statements_covered_display": "0"}, "missing_lines": [1366, 1367, 1368, 1370, 1371, 1372, 1374, 1376, 1381, 1387, 1388, 1389], "excluded_lines": [], "start_line": 1364}, "TuShareAdapter._format_stock_code": {"executed_lines": [], "summary": {"covered_lines": 0, "num_statements": 7, "percent_covered": 0.0, "percent_covered_display": "0", "missing_lines": 7, "excluded_lines": 0, "percent_statements_covered": 0.0, "percent_statements_covered_display": "0"}, "missing_lines": [1398, 1399, 1400, 1401, 1402, 1404, 1405], "excluded_lines": [], "start_line": 1396}, "TuShareAdapter._format_fund_code": {"executed_lines": [], "summary": {"covered_lines": 0, "num_statements": 5, "percent_covered": 0.0, "percent_covered_display": "0", "missing_lines": 5, "excluded_lines": 0, "percent_statements_covered": 0.0, "percent_statements_covered_display": "0"}, "missing_lines": [1409, 1410, 1411, 1413, 1414], "excluded_lines": [], "start_line": 1407}, "TuShareAdapter._map_global_index_symbol": {"executed_lines": [], "summary": {"covered_lines": 0, "num_statements": 7, "percent_covered": 0.0, "percent_covered_display": "0", "missing_lines": 7, "excluded_lines": 0, "percent_statements_covered": 0.0, "percent_statements_covered_display": "0"}, "missing_lines": [1418, 1431, 1432, 1433, 1434, 1435, 1436], "excluded_lines": [], "start_line": 1416}, "TuShareAdapter._standardize_index_columns": {"executed_lines": [], "summary": {"covered_lines": 0, "num_statements": 8, "percent_covered": 0.0, "percent_covered_display": "0", "missing_lines": 8, "excluded_lines": 0, "percent_statements_covered": 0.0, "percent_statements_covered_display": "0"}, "missing_lines": [1440, 1441, 1443, 1453, 1454, 1455, 1456, 1457], "excluded_lines": [], "start_line": 1438}, "TuShareAdapter._standardize_fund_columns": {"executed_lines": [], "summary": {"covered_lines": 0, "num_statements": 12, "percent_covered": 0.0, "percent_covered_display": "0", "missing_lines": 12, "excluded_lines": 0, "percent_statements_covered": 0.0, "percent_statements_covered_display": "0"}, "missing_lines": [1461, 1462, 1464, 1478, 1481, 1482, 1483, 1484, 1486, 1487, 1488, 1490], "excluded_lines": [], "start_line": 1459}, "TuShareAdapter.is_available": {"executed_lines": [], "summary": {"covered_lines": 0, "num_statements": 10, "percent_covered": 0.0, "percent_covered_display": "0", "missing_lines": 10, "excluded_lines": 0, "percent_statements_covered": 0.0, "percent_statements_covered_display": "0"}, "missing_lines": [1494, 1495, 1497, 1498, 1501, 1502, 1503, 1504, 1505, 1506], "excluded_lines": [], "start_line": 1492}, "": {"executed_lines": [1, 2, 3, 4, 5, 6, 8, 9, 10, 11, 12, 15, 17, 18, 19, 20, 21, 22, 23, 26, 29, 60, 88, 89, 117, 118, 165, 166, 220, 221, 252, 253, 284, 285, 316, 317, 345, 346, 374, 375, 403, 404, 432, 433, 482, 483, 548, 549, 626, 627, 667, 668, 708, 709, 738, 739, 768, 769, 798, 799, 828, 829, 858, 859, 888, 889, 918, 919, 948, 949, 981, 982, 1014, 1015, 1044, 1045, 1079, 1080, 1108, 1109, 1137, 1138, 1170, 1171, 1211, 1212, 1246, 1247, 1276, 1277, 1305, 1306, 1334, 1335, 1363, 1364, 1396, 1407, 1416, 1438, 1459, 1492], "summary": {"covered_lines": 102, "num_statements": 102, "percent_covered": 100.0, "percent_covered_display": "100", "missing_lines": 0, "excluded_lines": 0, "percent_statements_covered": 100.0, "percent_statements_covered_display": "100"}, "missing_lines": [], "excluded_lines": [], "start_line": 1}}, "classes": {"TuShareConfig": {"executed_lines": [], "summary": {"covered_lines": 0, "num_statements": 0, "percent_covered": 100.0, "percent_covered_display": "100", "missing_lines": 0, "excluded_lines": 0, "percent_statements_covered": 100.0, "percent_statements_covered_display": "100"}, "missing_lines": [], "excluded_lines": [], "start_line": 15}, "TuShareAdapter": {"executed_lines": [30, 32, 35, 38, 39, 40, 43, 44, 45, 55, 56, 58, 64, 65, 66, 71, 74, 76, 77, 80, 81, 83, 120, 121, 125, 126, 128, 129, 131, 135, 137, 144, 551, 552, 554, 556, 578, 579, 580, 588, 605], "summary": {"covered_lines": 41, "num_statements": 518, "percent_covered": 7.915057915057915, "percent_covered_display": "8", "missing_lines": 477, "excluded_lines": 0, "percent_statements_covered": 7.915057915057915, "percent_statements_covered_display": "8"}, "missing_lines": [31, 41, 46, 47, 48, 49, 50, 51, 52, 53, 54, 67, 68, 84, 85, 86, 91, 92, 93, 95, 97, 102, 108, 109, 110, 122, 127, 133, 153, 154, 155, 168, 169, 172, 174, 175, 176, 177, 178, 179, 180, 182, 184, 187, 193, 194, 197, 202, 203, 205, 211, 212, 213, 223, 224, 225, 227, 228, 235, 243, 244, 245, 255, 256, 257, 259, 260, 267, 275, 276, 277, 287, 288, 289, 291, 292, 299, 307, 308, 309, 319, 320, 321, 323, 324, 331, 336, 337, 338, 348, 349, 350, 352, 353, 360, 365, 366, 367, 377, 378, 379, 381, 382, 389, 394, 395, 396, 406, 407, 408, 410, 411, 418, 423, 424, 425, 435, 436, 437, 440, 441, 442, 443, 444, 446, 448, 449, 450, 451, 452, 453, 461, 462, 464, 465, 473, 474, 475, 495, 496, 497, 499, 500, 501, 502, 504, 505, 506, 508, 509, 511, 516, 530, 531, 532, 557, 558, 559, 565, 566, 567, 581, 582, 584, 586, 596, 614, 615, 616, 629, 630, 632, 633, 635, 636, 643, 644, 646, 655, 656, 657, 670, 671, 672, 675, 676, 677, 678, 679, 681, 683, 685, 688, 693, 699, 700, 701, 711, 712, 713, 715, 716, 718, 723, 729, 730, 731, 741, 742, 743, 745, 746, 748, 753, 759, 760, 761, 771, 772, 773, 775, 776, 778, 783, 789, 790, 791, 801, 802, 803, 805, 806, 808, 813, 819, 820, 821, 831, 832, 833, 835, 836, 838, 843, 849, 850, 851, 861, 862, 863, 865, 866, 868, 873, 879, 880, 881, 891, 892, 893, 895, 896, 898, 903, 909, 910, 911, 921, 922, 923, 925, 926, 928, 933, 939, 940, 941, 951, 952, 953, 955, 956, 958, 966, 972, 973, 974, 984, 985, 986, 988, 989, 991, 999, 1005, 1006, 1007, 1017, 1018, 1019, 1021, 1022, 1024, 1029, 1035, 1036, 1037, 1047, 1048, 1049, 1051, 1052, 1053, 1054, 1055, 1057, 1059, 1064, 1070, 1071, 1072, 1082, 1083, 1084, 1086, 1088, 1093, 1099, 1100, 1101, 1111, 1112, 1113, 1115, 1117, 1122, 1128, 1129, 1130, 1140, 1141, 1142, 1144, 1145, 1146, 1148, 1150, 1155, 1161, 1162, 1163, 1179, 1180, 1181, 1183, 1184, 1185, 1186, 1187, 1189, 1191, 1196, 1202, 1203, 1204, 1214, 1215, 1216, 1218, 1219, 1220, 1221, 1222, 1224, 1226, 1231, 1237, 1238, 1239, 1249, 1250, 1251, 1253, 1254, 1256, 1261, 1267, 1268, 1269, 1279, 1280, 1281, 1283, 1285, 1290, 1296, 1297, 1298, 1308, 1309, 1310, 1312, 1314, 1319, 1325, 1326, 1327, 1337, 1338, 1339, 1341, 1343, 1348, 1354, 1355, 1356, 1366, 1367, 1368, 1370, 1371, 1372, 1374, 1376, 1381, 1387, 1388, 1389, 1398, 1399, 1400, 1401, 1402, 1404, 1405, 1409, 1410, 1411, 1413, 1414, 1418, 1431, 1432, 1433, 1434, 1435, 1436, 1440, 1441, 1443, 1453, 1454, 1455, 1456, 1457, 1461, 1462, 1464, 1478, 1481, 1482, 1483, 1484, 1486, 1487, 1488, 1490, 1494, 1495, 1497, 1498, 1501, 1502, 1503, 1504, 1505, 1506], "excluded_lines": [], "start_line": 26}, "": {"executed_lines": [1, 2, 3, 4, 5, 6, 8, 9, 10, 11, 12, 15, 17, 18, 19, 20, 21, 22, 23, 26, 29, 60, 88, 89, 117, 118, 165, 166, 220, 221, 252, 253, 284, 285, 316, 317, 345, 346, 374, 375, 403, 404, 432, 433, 482, 483, 548, 549, 626, 627, 667, 668, 708, 709, 738, 739, 768, 769, 798, 799, 828, 829, 858, 859, 888, 889, 918, 919, 948, 949, 981, 982, 1014, 1015, 1044, 1045, 1079, 1080, 1108, 1109, 1137, 1138, 1170, 1171, 1211, 1212, 1246, 1247, 1276, 1277, 1305, 1306, 1334, 1335, 1363, 1364, 1396, 1407, 1416, 1438, 1459, 1492], "summary": {"covered_lines": 102, "num_statements": 102, "percent_covered": 100.0, "percent_covered_display": "100", "missing_lines": 0, "excluded_lines": 0, "percent_statements_covered": 100.0, "percent_statements_covered_display": "100"}, "missing_lines": [], "excluded_lines": [], "start_line": 1}}}, "src/datasource/agents/__init__.py": {"executed_lines": [], "summary": {"covered_lines": 0, "num_statements": 2, "percent_covered": 0.0, "percent_covered_display": "0", "missing_lines": 2, "excluded_lines": 0, "percent_statements_covered": 0.0, "percent_statements_covered_display": "0"}, "missing_lines": [6, 8], "excluded_lines": [], "functions": {"": {"executed_lines": [], "summary": {"covered_lines": 0, "num_statements": 2, "percent_covered": 0.0, "percent_covered_display": "0", "missing_lines": 2, "excluded_lines": 0, "percent_statements_covered": 0.0, "percent_statements_covered_display": "0"}, "missing_lines": [6, 8], "excluded_lines": [], "start_line": 1}}, "classes": {"": {"executed_lines": [], "summary": {"covered_lines": 0, "num_statements": 2, "percent_covered": 0.0, "percent_covered_display": "0", "missing_lines": 2, "excluded_lines": 0, "percent_statements_covered": 0.0, "percent_statements_covered_display": "0"}, "missing_lines": [6, 8], "excluded_lines": [], "start_line": 1}}}, "src/datasource/agents/background_scan/__init__.py": {"executed_lines": [], "summary": {"covered_lines": 0, "num_statements": 3, "percent_covered": 0.0, "percent_covered_display": "0", "missing_lines": 3, "excluded_lines": 0, "percent_statements_covered": 0.0, "percent_statements_covered_display": "0"}, "missing_lines": [6, 7, 9], "excluded_lines": [], "functions": {"": {"executed_lines": [], "summary": {"covered_lines": 0, "num_statements": 3, "percent_covered": 0.0, "percent_covered_display": "0", "missing_lines": 3, "excluded_lines": 0, "percent_statements_covered": 0.0, "percent_statements_covered_display": "0"}, "missing_lines": [6, 7, 9], "excluded_lines": [], "start_line": 1}}, "classes": {"": {"executed_lines": [], "summary": {"covered_lines": 0, "num_statements": 3, "percent_covered": 0.0, "percent_covered_display": "0", "missing_lines": 3, "excluded_lines": 0, "percent_statements_covered": 0.0, "percent_statements_covered_display": "0"}, "missing_lines": [6, 7, 9], "excluded_lines": [], "start_line": 1}}}, "src/datasource/agents/background_scan/agent.py": {"executed_lines": [], "summary": {"covered_lines": 0, "num_statements": 317, "percent_covered": 0.0, "percent_covered_display": "0", "missing_lines": 317, "excluded_lines": 0, "percent_statements_covered": 0.0, "percent_statements_covered_display": "0"}, "missing_lines": [6, 7, 8, 9, 10, 11, 12, 14, 15, 18, 30, 37, 38, 39, 40, 42, 49, 50, 51, 52, 53, 54, 56, 66, 67, 69, 70, 72, 85, 88, 90, 91, 93, 96, 97, 98, 104, 105, 117, 118, 119, 121, 126, 127, 128, 129, 131, 137, 138, 141, 142, 143, 144, 146, 152, 153, 156, 157, 158, 159, 161, 167, 168, 170, 172, 173, 176, 185, 188, 189, 191, 192, 194, 200, 202, 203, 205, 213, 214, 215, 217, 218, 220, 225, 227, 228, 230, 239, 240, 241, 243, 244, 246, 251, 253, 254, 256, 264, 265, 266, 268, 269, 271, 276, 278, 279, 281, 282, 285, 286, 289, 290, 291, 294, 295, 298, 301, 303, 317, 319, 320, 322, 323, 326, 327, 329, 336, 338, 339, 340, 341, 342, 344, 346, 347, 348, 349, 350, 351, 353, 355, 356, 357, 358, 359, 360, 362, 365, 366, 368, 371, 372, 373, 374, 377, 378, 379, 380, 383, 384, 385, 386, 389, 390, 391, 392, 395, 396, 397, 398, 400, 402, 404, 406, 407, 410, 411, 412, 415, 417, 424, 426, 429, 430, 432, 434, 436, 438, 440, 442, 443, 445, 446, 447, 448, 449, 451, 452, 454, 456, 457, 458, 459, 461, 463, 465, 468, 469, 471, 472, 473, 474, 475, 476, 478, 479, 480, 481, 483, 485, 490, 491, 492, 493, 494, 495, 496, 497, 498, 499, 500, 501, 503, 504, 505, 507, 516, 518, 524, 526, 528, 530, 531, 532, 533, 534, 535, 537, 539, 541, 543, 544, 545, 546, 547, 548, 550, 552, 564, 567, 568, 571, 574, 577, 580, 581, 584, 586, 587, 589, 590, 592, 596, 597, 599, 602, 605, 636, 637, 638, 639, 641, 643, 645, 650, 651, 652, 654, 666, 668, 670, 672, 677, 678, 679, 681, 690, 692, 694, 696, 701, 702, 703, 705, 713, 715, 717, 719, 724, 732, 733, 734, 736, 744, 746, 748, 750], "excluded_lines": [], "functions": {"BackgroundScan120Agent.__init__": {"executed_lines": [], "summary": {"covered_lines": 0, "num_statements": 4, "percent_covered": 0.0, "percent_covered_display": "0", "missing_lines": 4, "excluded_lines": 0, "percent_statements_covered": 0.0, "percent_statements_covered_display": "0"}, "missing_lines": [37, 38, 39, 40], "excluded_lines": [], "start_line": 30}, "BackgroundScan120Agent.initialize": {"executed_lines": [], "summary": {"covered_lines": 0, "num_statements": 6, "percent_covered": 0.0, "percent_covered_display": "0", "missing_lines": 6, "excluded_lines": 0, "percent_statements_covered": 0.0, "percent_statements_covered_display": "0"}, "missing_lines": [49, 50, 51, 52, 53, 54], "excluded_lines": [], "start_line": 42}, "BackgroundScan120Agent.collect_market_data": {"executed_lines": [], "summary": {"covered_lines": 0, "num_statements": 9, "percent_covered": 0.0, "percent_covered_display": "0", "missing_lines": 9, "excluded_lines": 0, "percent_statements_covered": 0.0, "percent_statements_covered_display": "0"}, "missing_lines": [66, 67, 69, 70, 72, 85, 88, 90, 91], "excluded_lines": [], "start_line": 56}, "BackgroundScan120Agent._collect_a_share_data": {"executed_lines": [], "summary": {"covered_lines": 0, "num_statements": 8, "percent_covered": 0.0, "percent_covered_display": "0", "missing_lines": 8, "excluded_lines": 0, "percent_statements_covered": 0.0, "percent_statements_covered_display": "0"}, "missing_lines": [96, 97, 98, 104, 105, 117, 118, 119], "excluded_lines": [], "start_line": 93}, "BackgroundScan120Agent._collect_other_assets_data": {"executed_lines": [], "summary": {"covered_lines": 0, "num_statements": 21, "percent_covered": 0.0, "percent_covered_display": "0", "missing_lines": 21, "excluded_lines": 0, "percent_statements_covered": 0.0, "percent_statements_covered_display": "0"}, "missing_lines": [126, 127, 128, 129, 131, 137, 138, 141, 142, 143, 144, 146, 152, 153, 156, 157, 158, 159, 161, 167, 168], "excluded_lines": [], "start_line": 121}, "BackgroundScan120Agent._generate_sample_data": {"executed_lines": [], "summary": {"covered_lines": 0, "num_statements": 9, "percent_covered": 0.0, "percent_covered_display": "0", "missing_lines": 9, "excluded_lines": 0, "percent_statements_covered": 0.0, "percent_statements_covered_display": "0"}, "missing_lines": [172, 173, 176, 185, 188, 189, 191, 192, 194], "excluded_lines": [], "start_line": 170}, "BackgroundScan120Agent._generate_sample_commodity_data": {"executed_lines": [], "summary": {"covered_lines": 0, "num_statements": 9, "percent_covered": 0.0, "percent_covered_display": "0", "missing_lines": 9, "excluded_lines": 0, "percent_statements_covered": 0.0, "percent_statements_covered_display": "0"}, "missing_lines": [202, 203, 205, 213, 214, 215, 217, 218, 220], "excluded_lines": [], "start_line": 200}, "BackgroundScan120Agent._generate_sample_forex_data": {"executed_lines": [], "summary": {"covered_lines": 0, "num_statements": 9, "percent_covered": 0.0, "percent_covered_display": "0", "missing_lines": 9, "excluded_lines": 0, "percent_statements_covered": 0.0, "percent_statements_covered_display": "0"}, "missing_lines": [227, 228, 230, 239, 240, 241, 243, 244, 246], "excluded_lines": [], "start_line": 225}, "BackgroundScan120Agent._generate_sample_bond_data": {"executed_lines": [], "summary": {"covered_lines": 0, "num_statements": 9, "percent_covered": 0.0, "percent_covered_display": "0", "missing_lines": 9, "excluded_lines": 0, "percent_statements_covered": 0.0, "percent_statements_covered_display": "0"}, "missing_lines": [253, 254, 256, 264, 265, 266, 268, 269, 271], "excluded_lines": [], "start_line": 251}, "BackgroundScan120Agent._calculate_technical_indicators": {"executed_lines": [], "summary": {"covered_lines": 0, "num_statements": 14, "percent_covered": 0.0, "percent_covered_display": "0", "missing_lines": 14, "excluded_lines": 0, "percent_statements_covered": 0.0, "percent_statements_covered_display": "0"}, "missing_lines": [278, 279, 281, 282, 285, 286, 289, 290, 291, 294, 295, 298, 301, 303], "excluded_lines": [], "start_line": 276}, "BackgroundScan120Agent._calculate_yield_changes": {"executed_lines": [], "summary": {"covered_lines": 0, "num_statements": 7, "percent_covered": 0.0, "percent_covered_display": "0", "missing_lines": 7, "excluded_lines": 0, "percent_statements_covered": 0.0, "percent_statements_covered_display": "0"}, "missing_lines": [319, 320, 322, 323, 326, 327, 329], "excluded_lines": [], "start_line": 317}, "BackgroundScan120Agent._calculate_return": {"executed_lines": [], "summary": {"covered_lines": 0, "num_statements": 5, "percent_covered": 0.0, "percent_covered_display": "0", "missing_lines": 5, "excluded_lines": 0, "percent_statements_covered": 0.0, "percent_statements_covered_display": "0"}, "missing_lines": [338, 339, 340, 341, 342], "excluded_lines": [], "start_line": 336}, "BackgroundScan120Agent._calculate_slope": {"executed_lines": [], "summary": {"covered_lines": 0, "num_statements": 6, "percent_covered": 0.0, "percent_covered_display": "0", "missing_lines": 6, "excluded_lines": 0, "percent_statements_covered": 0.0, "percent_statements_covered_display": "0"}, "missing_lines": [346, 347, 348, 349, 350, 351], "excluded_lines": [], "start_line": 344}, "BackgroundScan120Agent._calculate_volatility": {"executed_lines": [], "summary": {"covered_lines": 0, "num_statements": 6, "percent_covered": 0.0, "percent_covered_display": "0", "missing_lines": 6, "excluded_lines": 0, "percent_statements_covered": 0.0, "percent_statements_covered_display": "0"}, "missing_lines": [355, 356, 357, 358, 359, 360], "excluded_lines": [], "start_line": 353}, "BackgroundScan120Agent._calculate_trend_score": {"executed_lines": [], "summary": {"covered_lines": 0, "num_statements": 25, "percent_covered": 0.0, "percent_covered_display": "0", "missing_lines": 25, "excluded_lines": 0, "percent_statements_covered": 0.0, "percent_statements_covered_display": "0"}, "missing_lines": [365, 366, 368, 371, 372, 373, 374, 377, 378, 379, 380, 383, 384, 385, 386, 389, 390, 391, 392, 395, 396, 397, 398, 400, 402], "excluded_lines": [], "start_line": 362}, "BackgroundScan120Agent.analyze_pring_stage": {"executed_lines": [], "summary": {"covered_lines": 0, "num_statements": 7, "percent_covered": 0.0, "percent_covered_display": "0", "missing_lines": 7, "excluded_lines": 0, "percent_statements_covered": 0.0, "percent_statements_covered_display": "0"}, "missing_lines": [406, 407, 410, 411, 412, 415, 417], "excluded_lines": [], "start_line": 404}, "BackgroundScan120Agent._analyze_bond_signal": {"executed_lines": [], "summary": {"covered_lines": 0, "num_statements": 6, "percent_covered": 0.0, "percent_covered_display": "0", "missing_lines": 6, "excluded_lines": 0, "percent_statements_covered": 0.0, "percent_statements_covered_display": "0"}, "missing_lines": [426, 429, 430, 432, 434, 436], "excluded_lines": [], "start_line": 424}, "BackgroundScan120Agent._analyze_stock_signal": {"executed_lines": [], "summary": {"covered_lines": 0, "num_statements": 16, "percent_covered": 0.0, "percent_covered_display": "0", "missing_lines": 16, "excluded_lines": 0, "percent_statements_covered": 0.0, "percent_statements_covered_display": "0"}, "missing_lines": [440, 442, 443, 445, 446, 447, 448, 449, 451, 452, 454, 456, 457, 458, 459, 461], "excluded_lines": [], "start_line": 438}, "BackgroundScan120Agent._analyze_commodity_signal": {"executed_lines": [], "summary": {"covered_lines": 0, "num_statements": 14, "percent_covered": 0.0, "percent_covered_display": "0", "missing_lines": 14, "excluded_lines": 0, "percent_statements_covered": 0.0, "percent_statements_covered_display": "0"}, "missing_lines": [465, 468, 469, 471, 472, 473, 474, 475, 476, 478, 479, 480, 481, 483], "excluded_lines": [], "start_line": 463}, "BackgroundScan120Agent._determine_pring_stage": {"executed_lines": [], "summary": {"covered_lines": 0, "num_statements": 16, "percent_covered": 0.0, "percent_covered_display": "0", "missing_lines": 16, "excluded_lines": 0, "percent_statements_covered": 0.0, "percent_statements_covered_display": "0"}, "missing_lines": [490, 491, 492, 493, 494, 495, 496, 497, 498, 499, 500, 501, 503, 504, 505, 507], "excluded_lines": [], "start_line": 485}, "BackgroundScan120Agent._get_allocation_suggestion": {"executed_lines": [], "summary": {"covered_lines": 0, "num_statements": 2, "percent_covered": 0.0, "percent_covered_display": "0", "missing_lines": 2, "excluded_lines": 0, "percent_statements_covered": 0.0, "percent_statements_covered_display": "0"}, "missing_lines": [518, 524], "excluded_lines": [], "start_line": 516}, "BackgroundScan120Agent._get_confirm_signals": {"executed_lines": [], "summary": {"covered_lines": 0, "num_statements": 8, "percent_covered": 0.0, "percent_covered_display": "0", "missing_lines": 8, "excluded_lines": 0, "percent_statements_covered": 0.0, "percent_statements_covered_display": "0"}, "missing_lines": [528, 530, 531, 532, 533, 534, 535, 537], "excluded_lines": [], "start_line": 526}, "BackgroundScan120Agent._get_deny_signals": {"executed_lines": [], "summary": {"covered_lines": 0, "num_statements": 8, "percent_covered": 0.0, "percent_covered_display": "0", "missing_lines": 8, "excluded_lines": 0, "percent_statements_covered": 0.0, "percent_statements_covered_display": "0"}, "missing_lines": [541, 543, 544, 545, 546, 547, 548, 550], "excluded_lines": [], "start_line": 539}, "BackgroundScan120Agent.generate_report": {"executed_lines": [], "summary": {"covered_lines": 0, "num_statements": 13, "percent_covered": 0.0, "percent_covered_display": "0", "missing_lines": 13, "excluded_lines": 0, "percent_statements_covered": 0.0, "percent_statements_covered_display": "0"}, "missing_lines": [564, 567, 568, 571, 574, 577, 580, 581, 584, 586, 587, 589, 590], "excluded_lines": [], "start_line": 552}, "BackgroundScan120Agent._generate_report_content": {"executed_lines": [], "summary": {"covered_lines": 0, "num_statements": 10, "percent_covered": 0.0, "percent_covered_display": "0", "missing_lines": 10, "excluded_lines": 0, "percent_statements_covered": 0.0, "percent_statements_covered_display": "0"}, "missing_lines": [596, 597, 599, 602, 605, 636, 637, 638, 639, 641], "excluded_lines": [], "start_line": 592}, "BackgroundScan120Agent._generate_stock_table": {"executed_lines": [], "summary": {"covered_lines": 0, "num_statements": 7, "percent_covered": 0.0, "percent_covered_display": "0", "missing_lines": 7, "excluded_lines": 0, "percent_statements_covered": 0.0, "percent_statements_covered_display": "0"}, "missing_lines": [645, 650, 651, 652, 654, 666, 668], "excluded_lines": [], "start_line": 643}, "BackgroundScan120Agent._generate_commodity_table": {"executed_lines": [], "summary": {"covered_lines": 0, "num_statements": 7, "percent_covered": 0.0, "percent_covered_display": "0", "missing_lines": 7, "excluded_lines": 0, "percent_statements_covered": 0.0, "percent_statements_covered_display": "0"}, "missing_lines": [672, 677, 678, 679, 681, 690, 692], "excluded_lines": [], "start_line": 670}, "BackgroundScan120Agent._generate_currency_table": {"executed_lines": [], "summary": {"covered_lines": 0, "num_statements": 7, "percent_covered": 0.0, "percent_covered_display": "0", "missing_lines": 7, "excluded_lines": 0, "percent_statements_covered": 0.0, "percent_statements_covered_display": "0"}, "missing_lines": [696, 701, 702, 703, 705, 713, 715], "excluded_lines": [], "start_line": 694}, "BackgroundScan120Agent._generate_bond_table": {"executed_lines": [], "summary": {"covered_lines": 0, "num_statements": 8, "percent_covered": 0.0, "percent_covered_display": "0", "missing_lines": 8, "excluded_lines": 0, "percent_statements_covered": 0.0, "percent_statements_covered_display": "0"}, "missing_lines": [719, 724, 732, 733, 734, 736, 744, 746], "excluded_lines": [], "start_line": 717}, "BackgroundScan120Agent._get_report_template": {"executed_lines": [], "summary": {"covered_lines": 0, "num_statements": 1, "percent_covered": 0.0, "percent_covered_display": "0", "missing_lines": 1, "excluded_lines": 0, "percent_statements_covered": 0.0, "percent_statements_covered_display": "0"}, "missing_lines": [750], "excluded_lines": [], "start_line": 748}, "": {"executed_lines": [], "summary": {"covered_lines": 0, "num_statements": 40, "percent_covered": 0.0, "percent_covered_display": "0", "missing_lines": 40, "excluded_lines": 0, "percent_statements_covered": 0.0, "percent_statements_covered_display": "0"}, "missing_lines": [6, 7, 8, 9, 10, 11, 12, 14, 15, 18, 30, 42, 56, 93, 121, 170, 200, 225, 251, 276, 317, 336, 344, 353, 362, 404, 424, 438, 463, 485, 516, 526, 539, 552, 592, 643, 670, 694, 717, 748], "excluded_lines": [], "start_line": 1}}, "classes": {"BackgroundScan120Agent": {"executed_lines": [], "summary": {"covered_lines": 0, "num_statements": 277, "percent_covered": 0.0, "percent_covered_display": "0", "missing_lines": 277, "excluded_lines": 0, "percent_statements_covered": 0.0, "percent_statements_covered_display": "0"}, "missing_lines": [37, 38, 39, 40, 49, 50, 51, 52, 53, 54, 66, 67, 69, 70, 72, 85, 88, 90, 91, 96, 97, 98, 104, 105, 117, 118, 119, 126, 127, 128, 129, 131, 137, 138, 141, 142, 143, 144, 146, 152, 153, 156, 157, 158, 159, 161, 167, 168, 172, 173, 176, 185, 188, 189, 191, 192, 194, 202, 203, 205, 213, 214, 215, 217, 218, 220, 227, 228, 230, 239, 240, 241, 243, 244, 246, 253, 254, 256, 264, 265, 266, 268, 269, 271, 278, 279, 281, 282, 285, 286, 289, 290, 291, 294, 295, 298, 301, 303, 319, 320, 322, 323, 326, 327, 329, 338, 339, 340, 341, 342, 346, 347, 348, 349, 350, 351, 355, 356, 357, 358, 359, 360, 365, 366, 368, 371, 372, 373, 374, 377, 378, 379, 380, 383, 384, 385, 386, 389, 390, 391, 392, 395, 396, 397, 398, 400, 402, 406, 407, 410, 411, 412, 415, 417, 426, 429, 430, 432, 434, 436, 440, 442, 443, 445, 446, 447, 448, 449, 451, 452, 454, 456, 457, 458, 459, 461, 465, 468, 469, 471, 472, 473, 474, 475, 476, 478, 479, 480, 481, 483, 490, 491, 492, 493, 494, 495, 496, 497, 498, 499, 500, 501, 503, 504, 505, 507, 518, 524, 528, 530, 531, 532, 533, 534, 535, 537, 541, 543, 544, 545, 546, 547, 548, 550, 564, 567, 568, 571, 574, 577, 580, 581, 584, 586, 587, 589, 590, 596, 597, 599, 602, 605, 636, 637, 638, 639, 641, 645, 650, 651, 652, 654, 666, 668, 672, 677, 678, 679, 681, 690, 692, 696, 701, 702, 703, 705, 713, 715, 719, 724, 732, 733, 734, 736, 744, 746, 750], "excluded_lines": [], "start_line": 18}, "": {"executed_lines": [], "summary": {"covered_lines": 0, "num_statements": 40, "percent_covered": 0.0, "percent_covered_display": "0", "missing_lines": 40, "excluded_lines": 0, "percent_statements_covered": 0.0, "percent_statements_covered_display": "0"}, "missing_lines": [6, 7, 8, 9, 10, 11, 12, 14, 15, 18, 30, 42, 56, 93, 121, 170, 200, 225, 251, 276, 317, 336, 344, 353, 362, 404, 424, 438, 463, 485, 516, 526, 539, 552, 592, 643, 670, 694, 717, 748], "excluded_lines": [], "start_line": 1}}}, "src/datasource/agents/background_scan/config.py": {"executed_lines": [], "summary": {"covered_lines": 0, "num_statements": 33, "percent_covered": 0.0, "percent_covered_display": "0", "missing_lines": 33, "excluded_lines": 0, "percent_statements_covered": 0.0, "percent_statements_covered_display": "0"}, "missing_lines": [6, 7, 8, 11, 12, 16, 17, 20, 21, 22, 25, 34, 42, 51, 60, 71, 79, 94, 100, 110, 111, 113, 115, 117, 119, 121, 124, 131, 133, 143, 144, 146, 148], "excluded_lines": [], "functions": {"BackgroundScanConfig.get_date_range": {"executed_lines": [], "summary": {"covered_lines": 0, "num_statements": 5, "percent_covered": 0.0, "percent_covered_display": "0", "missing_lines": 5, "excluded_lines": 0, "percent_statements_covered": 0.0, "percent_statements_covered_display": "0"}, "missing_lines": [110, 111, 113, 115, 117], "excluded_lines": [], "start_line": 100}, "BackgroundScanConfig.get_all_symbols": {"executed_lines": [], "summary": {"covered_lines": 0, "num_statements": 3, "percent_covered": 0.0, "percent_covered_display": "0", "missing_lines": 3, "excluded_lines": 0, "percent_statements_covered": 0.0, "percent_statements_covered_display": "0"}, "missing_lines": [121, 124, 131], "excluded_lines": [], "start_line": 119}, "BackgroundScanConfig.get_output_filename": {"executed_lines": [], "summary": {"covered_lines": 0, "num_statements": 4, "percent_covered": 0.0, "percent_covered_display": "0", "missing_lines": 4, "excluded_lines": 0, "percent_statements_covered": 0.0, "percent_statements_covered_display": "0"}, "missing_lines": [143, 144, 146, 148], "excluded_lines": [], "start_line": 133}, "": {"executed_lines": [], "summary": {"covered_lines": 0, "num_statements": 21, "percent_covered": 0.0, "percent_covered_display": "0", "missing_lines": 21, "excluded_lines": 0, "percent_statements_covered": 0.0, "percent_statements_covered_display": "0"}, "missing_lines": [6, 7, 8, 11, 12, 16, 17, 20, 21, 22, 25, 34, 42, 51, 60, 71, 79, 94, 100, 119, 133], "excluded_lines": [], "start_line": 1}}, "classes": {"BackgroundScanConfig": {"executed_lines": [], "summary": {"covered_lines": 0, "num_statements": 12, "percent_covered": 0.0, "percent_covered_display": "0", "missing_lines": 12, "excluded_lines": 0, "percent_statements_covered": 0.0, "percent_statements_covered_display": "0"}, "missing_lines": [110, 111, 113, 115, 117, 121, 124, 131, 143, 144, 146, 148], "excluded_lines": [], "start_line": 12}, "": {"executed_lines": [], "summary": {"covered_lines": 0, "num_statements": 21, "percent_covered": 0.0, "percent_covered_display": "0", "missing_lines": 21, "excluded_lines": 0, "percent_statements_covered": 0.0, "percent_statements_covered_display": "0"}, "missing_lines": [6, 7, 8, 11, 12, 16, 17, 20, 21, 22, 25, 34, 42, 51, 60, 71, 79, 94, 100, 119, 133], "excluded_lines": [], "start_line": 1}}}, "src/datasource/analyzers/__init__.py": {"executed_lines": [], "summary": {"covered_lines": 0, "num_statements": 2, "percent_covered": 0.0, "percent_covered_display": "0", "missing_lines": 2, "excluded_lines": 0, "percent_statements_covered": 0.0, "percent_statements_covered_display": "0"}, "missing_lines": [6, 8], "excluded_lines": [], "functions": {"": {"executed_lines": [], "summary": {"covered_lines": 0, "num_statements": 2, "percent_covered": 0.0, "percent_covered_display": "0", "missing_lines": 2, "excluded_lines": 0, "percent_statements_covered": 0.0, "percent_statements_covered_display": "0"}, "missing_lines": [6, 8], "excluded_lines": [], "start_line": 1}}, "classes": {"": {"executed_lines": [], "summary": {"covered_lines": 0, "num_statements": 2, "percent_covered": 0.0, "percent_covered_display": "0", "missing_lines": 2, "excluded_lines": 0, "percent_statements_covered": 0.0, "percent_statements_covered_display": "0"}, "missing_lines": [6, 8], "excluded_lines": [], "start_line": 1}}}, "src/datasource/analyzers/long_term_analyzer.py": {"execute
[...]
0, 513, 520, 521, 522, 523, 524, 525, 526, 528, 529, 530, 531, 533, 535, 537, 538, 539, 540, 541, 542, 543, 544, 545, 546, 548, 550, 554, 555, 556, 557, 558, 559, 561, 563, 566, 568, 569, 571, 577, 580, 583, 584, 585, 586, 587, 588, 591, 592, 593, 594, 595, 596, 599, 600, 601, 602, 603, 604, 606, 608, 611, 612, 613, 614, 615, 617, 619, 620, 622, 623, 624, 625, 627, 629, 632, 633, 634, 635, 636, 637, 639, 640, 642, 644, 647, 648, 651, 652, 653, 654, 655, 656, 658, 659, 660, 661, 664, 665, 668, 669, 670, 671, 672, 673, 674, 676, 678, 681, 684, 685, 686, 687, 688, 689, 692, 693, 694, 695, 696, 697, 699, 702, 707, 710, 711, 714, 715, 718, 719, 722, 723, 726, 727, 729, 731, 735, 738, 739, 742, 743, 746, 747, 750, 751, 754, 755, 758, 759, 761, 763, 767, 770, 771, 774, 775, 778, 779, 782, 783, 786, 787, 789, 792, 795, 797, 798, 799, 800, 802, 803, 804, 805, 807, 808, 810, 811, 813, 815, 818, 820, 821, 822, 823, 825, 826, 828, 829, 831, 832, 834, 836, 839, 841, 842, 843, 844, 846, 847, 849, 850, 852, 853, 855, 858, 860, 871, 873, 888, 890, 906, 909, 910, 911, 912, 913, 914, 915, 917, 918, 920, 922, 923, 925, 926, 928, 930, 931, 932, 933, 935, 938, 940, 948, 950, 959, 961], "excluded_lines": [], "functions": {"SystemicRiskMonitor.__init__": {"executed_lines": [], "summary": {"covered_lines": 0, "num_statements": 5, "percent_covered": 0.0, "percent_covered_display": "0", "missing_lines": 5, "excluded_lines": 0, "percent_statements_covered": 0.0, "percent_statements_covered_display": "0"}, "missing_lines": [204, 205, 208, 217, 235], "excluded_lines": [], "start_line": 203}, "SystemicRiskMonitor.assess_systemic_risk": {"executed_lines": [], "summary": {"covered_lines": 0, "num_statements": 22, "percent_covered": 0.0, "percent_covered_display": "0", "missing_lines": 22, "excluded_lines": 0, "percent_statements_covered": 0.0, "percent_statements_covered_display": "0"}, "missing_lines": [252, 253, 255, 257, 259, 265, 268, 273, 274, 277, 282, 287, 290, 293, 296, 301, 305, 324, 325, 327, 328, 329], "excluded_lines": [], "start_line": 241}, "SystemicRiskMonitor._assess_liquidity_risk": {"executed_lines": [], "summary": {"covered_lines": 0, "num_statements": 18, "percent_covered": 0.0, "percent_covered_display": "0", "missing_lines": 18, "excluded_lines": 0, "percent_statements_covered": 0.0, "percent_statements_covered_display": "0"}, "missing_lines": [333, 335, 338, 339, 340, 343, 344, 345, 348, 349, 350, 353, 359, 362, 366, 381, 382, 383], "excluded_lines": [], "start_line": 331}, "SystemicRiskMonitor._assess_credit_risk": {"executed_lines": [], "summary": {"covered_lines": 0, "num_statements": 21, "percent_covered": 0.0, "percent_covered_display": "0", "missing_lines": 21, "excluded_lines": 0, "percent_statements_covered": 0.0, "percent_statements_covered_display": "0"}, "missing_lines": [387, 388, 391, 392, 393, 396, 397, 398, 401, 402, 403, 406, 407, 408, 411, 416, 419, 423, 441, 442, 443], "excluded_lines": [], "start_line": 385}, "SystemicRiskMonitor._assess_market_risk": {"executed_lines": [], "summary": {"covered_lines": 0, "num_statements": 22, "percent_covered": 0.0, "percent_covered_display": "0", "missing_lines": 22, "excluded_lines": 0, "percent_statements_covered": 0.0, "percent_statements_covered_display": "0"}, "missing_lines": [447, 449, 452, 453, 454, 457, 458, 459, 462, 463, 464, 467, 468, 471, 472, 475, 480, 483, 487, 506, 507, 508], "excluded_lines": [], "start_line": 445}, "SystemicRiskMonitor._calculate_overall_risk_score": {"executed_lines": [], "summary": {"covered_lines": 0, "num_statements": 13, "percent_covered": 0.0, "percent_covered_display": "0", "missing_lines": 13, "excluded_lines": 0, "percent_statements_covered": 0.0, "percent_statements_covered_display": "0"}, "missing_lines": [513, 520, 521, 522, 523, 524, 525, 526, 528, 529, 530, 531, 533], "excluded_lines": [], "start_line": 510}, "SystemicRiskMonitor._determine_risk_level": {"executed_lines": [], "summary": {"covered_lines": 0, "num_statements": 11, "percent_covered": 0.0, "percent_covered_display": "0", "missing_lines": 11, "excluded_lines": 0, "percent_statements_covered": 0.0, "percent_statements_covered_display": "0"}, "missing_lines": [537, 538, 539, 540, 541, 542, 543, 544, 545, 546, 548], "excluded_lines": [], "start_line": 535}, "SystemicRiskMonitor._determine_alert_level": {"executed_lines": [], "summary": {"covered_lines": 0, "num_statements": 7, "percent_covered": 0.0, "percent_covered_display": "0", "missing_lines": 7, "excluded_lines": 0, "percent_statements_covered": 0.0, "percent_statements_covered_display": "0"}, "missing_lines": [554, 555, 556, 557, 558, 559, 561], "excluded_lines": [], "start_line": 550}, "SystemicRiskMonitor._analyze_risk_contributions": {"executed_lines": [], "summary": {"covered_lines": 0, "num_statements": 4, "percent_covered": 0.0, "percent_covered_display": "0", "missing_lines": 4, "excluded_lines": 0, "percent_statements_covered": 0.0, "percent_statements_covered_display": "0"}, "missing_lines": [566, 568, 569, 571], "excluded_lines": [], "start_line": 563}, "SystemicRiskMonitor._identify_top_risk_factors": {"executed_lines": [], "summary": {"covered_lines": 0, "num_statements": 20, "percent_covered": 0.0, "percent_covered_display": "0", "missing_lines": 20, "excluded_lines": 0, "percent_statements_covered": 0.0, "percent_statements_covered_display": "0"}, "missing_lines": [580, 583, 584, 585, 586, 587, 588, 591, 592, 593, 594, 595, 596, 599, 600, 601, 602, 603, 604, 606], "excluded_lines": [], "start_line": 577}, "SystemicRiskMonitor._collect_active_warnings": {"executed_lines": [], "summary": {"covered_lines": 0, "num_statements": 5, "percent_covered": 0.0, "percent_covered_display": "0", "missing_lines": 5, "excluded_lines": 0, "percent_statements_covered": 0.0, "percent_statements_covered_display": "0"}, "missing_lines": [611, 612, 613, 614, 615], "excluded_lines": [], "start_line": 608}, "SystemicRiskMonitor._generate_warning_summary": {"executed_lines": [], "summary": {"covered_lines": 0, "num_statements": 7, "percent_covered": 0.0, "percent_covered_display": "0", "missing_lines": 7, "excluded_lines": 0, "percent_statements_covered": 0.0, "percent_statements_covered_display": "0"}, "missing_lines": [619, 620, 622, 623, 624, 625, 627], "excluded_lines": [], "start_line": 617}, "SystemicRiskMonitor._analyze_risk_trend": {"executed_lines": [], "summary": {"covered_lines": 0, "num_statements": 9, "percent_covered": 0.0, "percent_covered_display": "0", "missing_lines": 9, "excluded_lines": 0, "percent_statements_covered": 0.0, "percent_statements_covered_display": "0"}, "missing_lines": [632, 633, 634, 635, 636, 637, 639, 640, 642], "excluded_lines": [], "start_line": 629}, "SystemicRiskMonitor._generate_recommendations": {"executed_lines": [], "summary": {"covered_lines": 0, "num_statements": 22, "percent_covered": 0.0, "percent_covered_display": "0", "missing_lines": 22, "excluded_lines": 0, "percent_statements_covered": 0.0, "percent_statements_covered_display": "0"}, "missing_lines": [647, 648, 651, 652, 653, 654, 655, 656, 658, 659, 660, 661, 664, 665, 668, 669, 670, 671, 672, 673, 674, 676], "excluded_lines": [], "start_line": 644}, "SystemicRiskMonitor._calculate_assessment_confidence": {"executed_lines": [], "summary": {"covered_lines": 0, "num_statements": 14, "percent_covered": 0.0, "percent_covered_display": "0", "missing_lines": 14, "excluded_lines": 0, "percent_statements_covered": 0.0, "percent_statements_covered_display": "0"}, "missing_lines": [681, 684, 685, 686, 687, 688, 689, 692, 693, 694, 695, 696, 697, 699], "excluded_lines": [], "start_line": 678}, "SystemicRiskMonitor._calculate_liquidity_score": {"executed_lines": [], "summary": {"covered_lines": 0, "num_statements": 12, "percent_covered": 0.0, "percent_covered_display": "0", "missing_lines": 12, "excluded_lines": 0, "percent_statements_covered": 0.0, "percent_statements_covered_display": "0"}, "missing_lines": [707, 710, 711, 714, 715, 718, 719, 722, 723, 726, 727, 729], "excluded_lines": [], "start_line": 702}, "SystemicRiskMonitor._calculate_credit_score": {"executed_lines": [], "summary": {"covered_lines": 0, "num_statements": 14, "percent_covered": 0.0, "percent_covered_display": "0", "missing_lines": 14, "excluded_lines": 0, "percent_statements_covered": 0.0, "percent_statements_covered_display": "0"}, "missing_lines": [735, 738, 739, 742, 743, 746, 747, 750, 751, 754, 755, 758, 759, 761], "excluded_lines": [], "start_line": 731}, "SystemicRiskMonitor._calculate_market_score": {"executed_lines": [], "summary": {"covered_lines": 0, "num_statements": 12, "percent_covered": 0.0, "percent_covered_display": "0", "missing_lines": 12, "excluded_lines": 0, "percent_statements_covered": 0.0, "percent_statements_covered_display": "0"}, "missing_lines": [767, 770, 771, 774, 775, 778, 779, 782, 783, 786, 787, 789], "excluded_lines": [], "start_line": 763}, "SystemicRiskMonitor._generate_liquidity_warnings": {"executed_lines": [], "summary": {"covered_lines": 0, "num_statements": 14, "percent_covered": 0.0, "percent_covered_display": "0", "missing_lines": 14, "excluded_lines": 0, "percent_statements_covered": 0.0, "percent_statements_covered_display": "0"}, "missing_lines": [795, 797, 798, 799, 800, 802, 803, 804, 805, 807, 808, 810, 811, 813], "excluded_lines": [], "start_line": 792}, "SystemicRiskMonitor._generate_credit_warnings": {"executed_lines": [], "summary": {"covered_lines": 0, "num_statements": 12, "percent_covered": 0.0, "percent_covered_display": "0", "missing_lines": 12, "excluded_lines": 0, "percent_statements_covered": 0.0, "percent_statements_covered_display": "0"}, "missing_lines": [818, 820, 821, 822, 823, 825, 826, 828, 829, 831, 832, 834], "excluded_lines": [], "start_line": 815}, "SystemicRiskMonitor._generate_market_warnings": {"executed_lines": [], "summary": {"covered_lines": 0, "num_statements": 12, "percent_covered": 0.0, "percent_covered_display": "0", "missing_lines": 12, "excluded_lines": 0, "percent_statements_covered": 0.0, "percent_statements_covered_display": "0"}, "missing_lines": [839, 841, 842, 843, 844, 846, 847, 849, 850, 852, 853, 855], "excluded_lines": [], "start_line": 836}, "SystemicRiskMonitor._fetch_liquidity_data": {"executed_lines": [], "summary": {"covered_lines": 0, "num_statements": 1, "percent_covered": 0.0, "percent_covered_display": "0", "missing_lines": 1, "excluded_lines": 0, "percent_statements_covered": 0.0, "percent_statements_covered_display": "0"}, "missing_lines": [860], "excluded_lines": [], "start_line": 858}, "SystemicRiskMonitor._fetch_credit_data": {"executed_lines": [], "summary": {"covered_lines": 0, "num_statements": 1, "percent_covered": 0.0, "percent_covered_display": "0", "missing_lines": 1, "excluded_lines": 0, "percent_statements_covered": 0.0, "percent_statements_covered_display": "0"}, "missing_lines": [873], "excluded_lines": [], "start_line": 871}, "SystemicRiskMonitor._fetch_market_risk_data": {"executed_lines": [], "summary": {"covered_lines": 0, "num_statements": 1, "percent_covered": 0.0, "percent_covered_display": "0", "missing_lines": 1, "excluded_lines": 0, "percent_statements_covered": 0.0, "percent_statements_covered_display": "0"}, "missing_lines": [890], "excluded_lines": [], "start_line": 888}, "SystemicRiskMonitor._calculate_percentile": {"executed_lines": [], "summary": {"covered_lines": 0, "num_statements": 9, "percent_covered": 0.0, "percent_covered_display": "0", "missing_lines": 9, "excluded_lines": 0, "percent_statements_covered": 0.0, "percent_statements_covered_display": "0"}, "missing_lines": [909, 910, 911, 912, 913, 914, 915, 917, 918], "excluded_lines": [], "start_line": 906}, "SystemicRiskMonitor._determine_trend": {"executed_lines": [], "summary": {"covered_lines": 0, "num_statements": 10, "percent_covered": 0.0, "percent_covered_display": "0", "missing_lines": 10, "excluded_lines": 0, "percent_statements_covered": 0.0, "percent_statements_covered_display": "0"}, "missing_lines": [922, 923, 925, 926, 928, 930, 931, 932, 933, 935], "excluded_lines": [], "start_line": 920}, "SystemicRiskMonitor._create_default_liquidity_risk": {"executed_lines": [], "summary": {"covered_lines": 0, "num_statements": 1, "percent_covered": 0.0, "percent_covered_display": "0", "missing_lines": 1, "excluded_lines": 0, "percent_statements_covered": 0.0, "percent_statements_covered_display": "0"}, "missing_lines": [940], "excluded_lines": [], "start_line": 938}, "SystemicRiskMonitor._create_default_credit_risk": {"executed_lines": [], "summary": {"covered_lines": 0, "num_statements": 1, "percent_covered": 0.0, "percent_covered_display": "0", "missing_lines": 1, "excluded_lines": 0, "percent_statements_covered": 0.0, "percent_statements_covered_display": "0"}, "missing_lines": [950], "excluded_lines": [], "start_line": 948}, "SystemicRiskMonitor._create_default_market_risk": {"executed_lines": [], "summary": {"covered_lines": 0, "num_statements": 1, "percent_covered": 0.0, "percent_covered_display": "0", "missing_lines": 1, "excluded_lines": 0, "percent_statements_covered": 0.0, "percent_statements_covered_display": "0"}, "missing_lines": [961], "excluded_lines": [], "start_line": 959}, "": {"executed_lines": [], "summary": {"covered_lines": 0, "num_statements": 144, "percent_covered": 0.0, "percent_covered_display": "0", "missing_lines": 144, "excluded_lines": 0, "percent_statements_covered": 0.0, "percent_statements_covered_display": "0"}, "missing_lines": [14, 15, 16, 17, 18, 19, 20, 21, 22, 23, 25, 26, 27, 29, 31, 33, 34, 35, 36, 37, 38, 40, 42, 43, 44, 45, 46, 48, 50, 51, 52, 53, 55, 56, 58, 59, 60, 61, 64, 65, 68, 69, 70, 73, 74, 75, 77, 79, 80, 83, 84, 85, 88, 89, 90, 93, 94, 95, 98, 99, 102, 104, 105, 108, 109, 110, 113, 114, 115, 118, 119, 120, 123, 124, 125, 128, 129, 131, 133, 134, 137, 138, 139, 142, 143, 144, 147, 148, 149, 152, 153, 156, 157, 160, 161, 163, 165, 166, 168, 171, 172, 173, 176, 177, 178, 181, 184, 187, 188, 191, 192, 195, 196, 198, 200, 203, 241, 331, 385, 445, 510, 535, 550, 563, 577, 608, 617, 629, 644, 678, 702, 731, 763, 792, 815, 836, 858, 871, 888, 906, 920, 938, 948, 959], "excluded_lines": [], "start_line": 1}}, "classes": {"RiskLevel": {"executed_lines": [], "summary": {"covered_lines": 0, "num_statements": 0, "percent_covered": 100.0, "percent_covered_display": "100", "missing_lines": 0, "excluded_lines": 0, "percent_statements_covered": 100.0, "percent_statements_covered_display": "100"}, "missing_lines": [], "excluded_lines": [], "start_line": 31}, "RiskCategory": {"executed_lines": [], "summary": {"covered_lines": 0, "num_statements": 0, "percent_covered": 100.0, "percent_covered_display": "100", "missing_lines": 0, "excluded_lines": 0, "percent_statements_covered": 100.0, "percent_statements_covered_display": "100"}, "missing_lines": [], "excluded_lines": [], "start_line": 40}, "AlertLevel": {"executed_lines": [], "summary": {"covered_lines": 0, "num_statements": 0, "percent_covered": 100.0, "percent_covered_display": "100", "missing_lines": 0, "excluded_lines": 0, "percent_statements_covered": 100.0, "percent_statements_covered_display": "100"}, "missing_lines": [], "excluded_lines": [], "start_line": 48}, "RiskIndicator": {"executed_lines": [], "summary": {"covered_lines": 0, "num_statements": 0, "percent_covered": 100.0, "percent_covered_display": "100", "missing_lines": 0, "excluded_lines": 0, "percent_statements_covered": 100.0, "percent_statements_covered_display": "100"}, "missing_lines": [], "excluded_lines": [], "start_line": 56}, "LiquidityRisk": {"executed_lines": [], "summary": {"covered_lines": 0, "num_statements": 0, "percent_covered": 100.0, "percent_covered_display": "100", "missing_lines": 0, "excluded_lines": 0, "percent_statements_covered": 100.0, "percent_statements_covered_display": "100"}, "missing_lines": [], "excluded_lines": [], "start_line": 80}, "CreditRisk": {"executed_lines": [], "summary": {"covered_lines": 0, "num_statements": 0, "percent_covered": 100.0, "percent_covered_display": "100", "missing_lines": 0, "excluded_lines": 0, "percent_statements_covered": 100.0, "percent_statements_covered_display": "100"}, "missing_lines": [], "excluded_lines": [], "start_line": 105}, "MarketRisk": {"executed_lines": [], "summary": {"covered_lines": 0, "num_statements": 0, "percent_covered": 100.0, "percent_covered_display": "100", "missing_lines": 0, "excluded_lines": 0, "percent_statements_covered": 100.0, "percent_statements_covered_display": "100"}, "missing_lines": [], "excluded_lines": [], "start_line": 134}, "SystemicRiskAssessment": {"executed_lines": [], "summary": {"covered_lines": 0, "num_statements": 0, "percent_covered": 100.0, "percent_covered_display": "100", "missing_lines": 0, "excluded_lines": 0, "percent_statements_covered": 100.0, "percent_statements_covered_display": "100"}, "missing_lines": [], "excluded_lines": [], "start_line": 166}, "SystemicRiskMonitor": {"executed_lines": [], "summary": {"covered_lines": 0, "num_statements": 301, "percent_covered": 0.0, "percent_covered_display": "0", "missing_lines": 301, "excluded_lines": 0, "percent_statements_covered": 0.0, "percent_statements_covered_display": "0"}, "missing_lines": [204, 205, 208, 217, 235, 252, 253, 255, 257, 259, 265, 268, 273, 274, 277, 282, 287, 290, 293, 296, 301, 305, 324, 325, 327, 328, 329, 333, 335, 338, 339, 340, 343, 344, 345, 348, 349, 350, 353, 359, 362, 366, 381, 382, 383, 387, 388, 391, 392, 393, 396, 397, 398, 401, 402, 403, 406, 407, 408, 411, 416, 419, 423, 441, 442, 443, 447, 449, 452, 453, 454, 457, 458, 459, 462, 463, 464, 467, 468, 471, 472, 475, 480, 483, 487, 506, 507, 508, 513, 520, 521, 522, 523, 524, 525, 526, 528, 529, 530, 531, 533, 537, 538, 539, 540, 541, 542, 543, 544, 545, 546, 548, 554, 555, 556, 557, 558, 559, 561, 566, 568, 569, 571, 580, 583, 584, 585, 586, 587, 588, 591, 592, 593, 594, 595, 596, 599, 600, 601, 602, 603, 604, 606, 611, 612, 613, 614, 615, 619, 620, 622, 623, 624, 625, 627, 632, 633, 634, 635, 636, 637, 639, 640, 642, 647, 648, 651, 652, 653, 654, 655, 656, 658, 659, 660, 661, 664, 665, 668, 669, 670, 671, 672, 673, 674, 676, 681, 684, 685, 686, 687, 688, 689, 692, 693, 694, 695, 696, 697, 699, 707, 710, 711, 714, 715, 718, 719, 722, 723, 726, 727, 729, 735, 738, 739, 742, 743, 746, 747, 750, 751, 754, 755, 758, 759, 761, 767, 770, 771, 774, 775, 778, 779, 782, 783, 786, 787, 789, 795, 797, 798, 799, 800, 802, 803, 804, 805, 807, 808, 810, 811, 813, 818, 820, 821, 822, 823, 825, 826, 828, 829, 831, 832, 834, 839, 841, 842, 843, 844, 846, 847, 849, 850, 852, 853, 855, 860, 873, 890, 909, 910, 911, 912, 913, 914, 915, 917, 918, 922, 923, 925, 926, 928, 930, 931, 932, 933, 935, 940, 950, 961], "excluded_lines": [], "start_line": 200}, "": {"executed_lines": [], "summary": {"covered_lines": 0, "num_statements": 144, "percent_covered": 0.0, "percent_covered_display": "0", "missing_lines": 144, "excluded_lines": 0, "percent_statements_covered": 0.0, "percent_statements_covered_display": "0"}, "missing_lines": [14, 15, 16, 17, 18, 19, 20, 21, 22, 23, 25, 26, 27, 29, 31, 33, 34, 35, 36, 37, 38, 40, 42, 43, 44, 45, 46, 48, 50, 51, 52, 53, 55, 56, 58, 59, 60, 61, 64, 65, 68, 69, 70, 73, 74, 75, 77, 79, 80, 83, 84, 85, 88, 89, 90, 93, 94, 95, 98, 99, 102, 104, 105, 108, 109, 110, 113, 114, 115, 118, 119, 120, 123, 124, 125, 128, 129, 131, 133, 134, 137, 138, 139, 142, 143, 144, 147, 148, 149, 152, 153, 156, 157, 160, 161, 163, 165, 166, 168, 171, 172, 173, 176, 177, 178, 181, 184, 187, 188, 191, 192, 195, 196, 198, 200, 203, 241, 331, 385, 445, 510, 535, 550, 563, 577, 608, 617, 629, 644, 678, 702, 731, 763, 792, 815, 836, 858, 871, 888, 906, 920, 938, 948, 959], "excluded_lines": [], "start_line": 1}}}}, "totals": {"covered_lines": 3088, "num_statements": 12780, "percent_covered": 24.162754303599375, "percent_covered_display": "24", "missing_lines": 9692, "excluded_lines": 44, "percent_statements_covered": 24.162754303599375, "percent_statements_covered_display": "24"}}